{"E:\\novacreactjsjuly2026\\ecommerce-app\\src\\App.jsx": {"path":"E:\\novacreactjsjuly2026\\ecommerce-app\\src\\App.jsx","statementMap":{"0":{"start":{"line":9,"column":2},"end":{"line":17,"column":null}}},"fnMap":{"0":{"name":"App","decl":{"start":{"line":5,"column":9},"end":{"line":5,"column":15}},"loc":{"start":{"line":5,"column":15},"end":{"line":19,"column":null}},"line":5}},"branchMap":{},"s":{"0":0},"f":{"0":0},"b":{},"meta":{"lastBranch":0,"lastFunction":1,"lastStatement":1,"seen":{"f:5:9:5:15":0,"s:9:2:17:Infinity":0},"fnNames":{}}}
,"E:\\novacreactjsjuly2026\\ecommerce-app\\src\\main.jsx": {"path":"E:\\novacreactjsjuly2026\\ecommerce-app\\src\\main.jsx","statementMap":{"0":{"start":{"line":12,"column":0},"end":{"line":22,"column":null}}},"fnMap":{},"branchMap":{},"s":{"0":0},"f":{},"b":{},"meta":{"lastBranch":0,"lastFunction":0,"lastStatement":1,"seen":{"s:12:0:22:Infinity":0},"fnNames":{}}}
,"E:\\novacreactjsjuly2026\\ecommerce-app\\src\\components\\atoms\\Banner\\Banner.jsx": {"path":"E:\\novacreactjsjuly2026\\ecommerce-app\\src\\components\\atoms\\Banner\\Banner.jsx","statementMap":{"0":{"start":{"line":3,"column":6},"end":{"line":5,"column":null}},"1":{"start":{"line":5,"column":4},"end":{"line":5,"column":null}}},"fnMap":{"0":{"name":"(anonymous_0)","decl":{"start":{"line":3,"column":6},"end":{"line":3,"column":null}},"loc":{"start":{"line":5,"column":4},"end":{"line":5,"column":null}},"line":5}},"branchMap":{},"s":{"0":0,"1":0},"f":{"0":0},"b":{},"meta":{"lastBranch":0,"lastFunction":1,"lastStatement":2,"seen":{"s:3:6:5:Infinity":0,"f:3:6:3:Infinity":0,"s:5:4:5:Infinity":1},"fnNames":{}}}
,"E:\\novacreactjsjuly2026\\ecommerce-app\\src\\components\\atoms\\Button\\Button.jsx": {"path":"E:\\novacreactjsjuly2026\\ecommerce-app\\src\\components\\atoms\\Button\\Button.jsx","statementMap":{"0":{"start":{"line":2,"column":2},"end":{"line":5,"column":null}}},"fnMap":{"0":{"name":"Button","decl":{"start":{"line":1,"column":9},"end":{"line":1,"column":16}},"loc":{"start":{"line":1,"column":86},"end":{"line":7,"column":null}},"line":1}},"branchMap":{"0":{"loc":{"start":{"line":1,"column":37},"end":{"line":1,"column":54}},"type":"default-arg","locations":[{"start":{"line":1,"column":44},"end":{"line":1,"column":54}}],"line":1},"1":{"loc":{"start":{"line":1,"column":54},"end":{"line":1,"column":71}},"type":"default-arg","locations":[{"start":{"line":1,"column":65},"end":{"line":1,"column":71}}],"line":1},"2":{"loc":{"start":{"line":1,"column":71},"end":{"line":1,"column":86}},"type":"default-arg","locations":[{"start":{"line":1,"column":81},"end":{"line":1,"column":86}}],"line":1}},"s":{"0":4},"f":{"0":4},"b":{"0":[4],"1":[4],"2":[4]},"meta":{"lastBranch":3,"lastFunction":1,"lastStatement":1,"seen":{"f:1:9:1:16":0,"b:1:44:1:54":0,"b:1:65:1:71":1,"b:1:81:1:86":2,"s:2:2:5:Infinity":0},"fnNames":{}}}
,"E:\\novacreactjsjuly2026\\ecommerce-app\\src\\components\\atoms\\Input\\Input.jsx": {"path":"E:\\novacreactjsjuly2026\\ecommerce-app\\src\\components\\atoms\\Input\\Input.jsx","statementMap":{"0":{"start":{"line":2,"column":2},"end":{"line":14,"column":null}}},"fnMap":{"0":{"name":"Input","decl":{"start":{"line":1,"column":9},"end":{"line":1,"column":15}},"loc":{"start":{"line":1,"column":107},"end":{"line":16,"column":null}},"line":1}},"branchMap":{"0":{"loc":{"start":{"line":1,"column":91},"end":{"line":1,"column":107}},"type":"default-arg","locations":[{"start":{"line":1,"column":101},"end":{"line":1,"column":107}}],"line":1}},"s":{"0":3},"f":{"0":3},"b":{"0":[3]},"meta":{"lastBranch":1,"lastFunction":1,"lastStatement":1,"seen":{"f:1:9:1:15":0,"b:1:101:1:107":0,"s:2:2:14:Infinity":0},"fnNames":{}}}
,"E:\\novacreactjsjuly2026\\ecommerce-app\\src\\components\\atoms\\Label\\Label.jsx": {"path":"E:\\novacreactjsjuly2026\\ecommerce-app\\src\\components\\atoms\\Label\\Label.jsx","statementMap":{"0":{"start":{"line":2,"column":2},"end":{"line":5,"column":null}}},"fnMap":{"0":{"name":"Label","decl":{"start":{"line":1,"column":9},"end":{"line":1,"column":15}},"loc":{"start":{"line":1,"column":33},"end":{"line":7,"column":null}},"line":1}},"branchMap":{},"s":{"0":1},"f":{"0":1},"b":{},"meta":{"lastBranch":0,"lastFunction":1,"lastStatement":1,"seen":{"f:1:9:1:15":0,"s:2:2:5:Infinity":0},"fnNames":{}}}
,"E:\\novacreactjsjuly2026\\ecommerce-app\\src\\components\\atoms\\Logo\\Logo.jsx": {"path":"E:\\novacreactjsjuly2026\\ecommerce-app\\src\\components\\atoms\\Logo\\Logo.jsx","statementMap":{"0":{"start":{"line":4,"column":6},"end":{"line":6,"column":null}},"1":{"start":{"line":6,"column":4},"end":{"line":6,"column":null}}},"fnMap":{"0":{"name":"(anonymous_0)","decl":{"start":{"line":4,"column":6},"end":{"line":4,"column":null}},"loc":{"start":{"line":6,"column":4},"end":{"line":6,"column":null}},"line":6}},"branchMap":{},"s":{"0":1,"1":1},"f":{"0":1},"b":{},"meta":{"lastBranch":0,"lastFunction":1,"lastStatement":2,"seen":{"s:4:6:6:Infinity":0,"f:4:6:4:Infinity":0,"s:6:4:6:Infinity":1},"fnNames":{}}}
,"E:\\novacreactjsjuly2026\\ecommerce-app\\src\\components\\atoms\\MenuItem\\MenuItem.jsx": {"path":"E:\\novacreactjsjuly2026\\ecommerce-app\\src\\components\\atoms\\MenuItem\\MenuItem.jsx","statementMap":{"0":{"start":{"line":7,"column":8},"end":{"line":17,"column":null}},"1":{"start":{"line":20,"column":4},"end":{"line":26,"column":null}},"2":{"start":{"line":21,"column":8},"end":{"line":24,"column":null}},"3":{"start":{"line":28,"column":4},"end":{"line":31,"column":null}},"4":{"start":{"line":29,"column":75},"end":{"line":29,"column":null}}},"fnMap":{"0":{"name":"MenuItem","decl":{"start":{"line":4,"column":9},"end":{"line":4,"column":18}},"loc":{"start":{"line":4,"column":71},"end":{"line":34,"column":null}},"line":4},"1":{"name":"(anonymous_1)","decl":{"start":{"line":29,"column":46},"end":{"line":29,"column":58}},"loc":{"start":{"line":29,"column":75},"end":{"line":29,"column":null}},"line":29}},"branchMap":{"0":{"loc":{"start":{"line":10,"column":13},"end":{"line":11,"column":13}},"type":"binary-expr","locations":[{"start":{"line":10,"column":13},"end":{"line":10,"column":21}},{"start":{"line":10,"column":21},"end":{"line":11,"column":13}}],"line":10},"1":{"loc":{"start":{"line":13,"column":9},"end":{"line":16,"column":null}},"type":"binary-expr","locations":[{"start":{"line":13,"column":9},"end":{"line":13,"column":24}},{"start":{"line":13,"column":24},"end":{"line":16,"column":null}}],"line":13},"2":{"loc":{"start":{"line":13,"column":59},"end":{"line":13,"column":null}},"type":"cond-expr","locations":[{"start":{"line":13,"column":68},"end":{"line":13,"column":74}},{"start":{"line":13,"column":74},"end":{"line":13,"column":null}}],"line":13},"3":{"loc":{"start":{"line":20,"column":4},"end":{"line":26,"column":null}},"type":"if","locations":[{"start":{"line":20,"column":4},"end":{"line":26,"column":null}},{"start":{},"end":{}}],"line":20},"4":{"loc":{"start":{"line":29,"column":98},"end":{"line":29,"column":null}},"type":"cond-expr","locations":[{"start":{"line":29,"column":109},"end":{"line":29,"column":130}},{"start":{"line":29,"column":130},"end":{"line":29,"column":null}}],"line":29}},"s":{"0":1,"1":1,"2":0,"3":1,"4":1},"f":{"0":1,"1":1},"b":{"0":[1,1],"1":[1,0],"2":[0,0],"3":[0,1],"4":[0,1]},"meta":{"lastBranch":5,"lastFunction":2,"lastStatement":5,"seen":{"f:4:9:4:18":0,"s:7:8:17:Infinity":0,"b:10:13:10:21:10:21:11:13":0,"b:13:9:13:24:13:24:16:Infinity":1,"b:13:68:13:74:13:74:13:Infinity":2,"b:20:4:26:Infinity:undefined:undefined:undefined:undefined":3,"s:20:4:26:Infinity":1,"s:21:8:24:Infinity":2,"s:28:4:31:Infinity":3,"f:29:46:29:58":1,"s:29:75:29:Infinity":4,"b:29:109:29:130:29:130:29:Infinity":4},"fnNames":{}}}
,"E:\\novacreactjsjuly2026\\ecommerce-app\\src\\components\\atoms\\Message\\Message.jsx": {"path":"E:\\novacreactjsjuly2026\\ecommerce-app\\src\\components\\atoms\\Message\\Message.jsx","statementMap":{"0":{"start":{"line":3,"column":2},"end":{"line":4,"column":null}},"1":{"start":{"line":4,"column":4},"end":{"line":4,"column":null}},"2":{"start":{"line":6,"column":27},"end":{"line":6,"column":null}},"3":{"start":{"line":7,"column":2},"end":{"line":10,"column":null}}},"fnMap":{"0":{"name":"Message","decl":{"start":{"line":1,"column":9},"end":{"line":1,"column":17}},"loc":{"start":{"line":1,"column":49},"end":{"line":12,"column":null}},"line":1}},"branchMap":{"0":{"loc":{"start":{"line":1,"column":31},"end":{"line":1,"column":49}},"type":"default-arg","locations":[{"start":{"line":1,"column":43},"end":{"line":1,"column":49}}],"line":1},"1":{"loc":{"start":{"line":3,"column":2},"end":{"line":4,"column":null}},"type":"if","locations":[{"start":{"line":3,"column":2},"end":{"line":4,"column":null}},{"start":{},"end":{}}],"line":3},"2":{"loc":{"start":{"line":6,"column":27},"end":{"line":6,"column":null}},"type":"cond-expr","locations":[{"start":{"line":6,"column":48},"end":{"line":6,"column":80}},{"start":{"line":6,"column":80},"end":{"line":6,"column":null}}],"line":6}},"s":{"0":2,"1":0,"2":2,"3":2},"f":{"0":2},"b":{"0":[2],"1":[0,2],"2":[1,1]},"meta":{"lastBranch":3,"lastFunction":1,"lastStatement":4,"seen":{"f:1:9:1:17":0,"b:1:43:1:49":0,"b:3:2:4:Infinity:undefined:undefined:undefined:undefined":1,"s:3:2:4:Infinity":0,"s:4:4:4:Infinity":1,"s:6:27:6:Infinity":2,"b:6:48:6:80:6:80:6:Infinity":2,"s:7:2:10:Infinity":3},"fnNames":{}}}
,"E:\\novacreactjsjuly2026\\ecommerce-app\\src\\components\\atoms\\TextArea\\TextArea.jsx": {"path":"E:\\novacreactjsjuly2026\\ecommerce-app\\src\\components\\atoms\\TextArea\\TextArea.jsx","statementMap":{"0":{"start":{"line":2,"column":2},"end":{"line":15,"column":null}}},"fnMap":{"0":{"name":"TextArea","decl":{"start":{"line":1,"column":9},"end":{"line":1,"column":18}},"loc":{"start":{"line":1,"column":105},"end":{"line":17,"column":null}},"line":1}},"branchMap":{"0":{"loc":{"start":{"line":1,"column":89},"end":{"line":1,"column":105}},"type":"default-arg","locations":[{"start":{"line":1,"column":99},"end":{"line":1,"column":105}}],"line":1}},"s":{"0":0},"f":{"0":0},"b":{"0":[0]},"meta":{"lastBranch":1,"lastFunction":1,"lastStatement":1,"seen":{"f:1:9:1:18":0,"b:1:99:1:105":0,"s:2:2:15:Infinity":0},"fnNames":{}}}
,"E:\\novacreactjsjuly2026\\ecommerce-app\\src\\components\\atoms\\Toast\\Toast.jsx": {"path":"E:\\novacreactjsjuly2026\\ecommerce-app\\src\\components\\atoms\\Toast\\Toast.jsx","statementMap":{"0":{"start":{"line":3,"column":4},"end":{"line":12,"column":null}}},"fnMap":{"0":{"name":"Toast","decl":{"start":{"line":2,"column":9},"end":{"line":2,"column":16}},"loc":{"start":{"line":2,"column":16},"end":{"line":14,"column":null}},"line":2}},"branchMap":{},"s":{"0":0},"f":{"0":0},"b":{},"meta":{"lastBranch":0,"lastFunction":1,"lastStatement":1,"seen":{"f:2:9:2:16":0,"s:3:4:12:Infinity":0},"fnNames":{}}}
,"E:\\novacreactjsjuly2026\\ecommerce-app\\src\\components\\molecules\\AuthToggle\\AuthToggle.jsx": {"path":"E:\\novacreactjsjuly2026\\ecommerce-app\\src\\components\\molecules\\AuthToggle\\AuthToggle.jsx","statementMap":{"0":{"start":{"line":4,"column":4},"end":{"line":20,"column":null}},"1":{"start":{"line":8,"column":31},"end":{"line":8,"column":null}},"2":{"start":{"line":15,"column":31},"end":{"line":15,"column":null}}},"fnMap":{"0":{"name":"AuthToggle","decl":{"start":{"line":3,"column":9},"end":{"line":3,"column":20}},"loc":{"start":{"line":3,"column":46},"end":{"line":22,"column":null}},"line":3},"1":{"name":"(anonymous_1)","decl":{"start":{"line":8,"column":16},"end":{"line":8,"column":31}},"loc":{"start":{"line":8,"column":31},"end":{"line":8,"column":null}},"line":8},"2":{"name":"(anonymous_2)","decl":{"start":{"line":15,"column":16},"end":{"line":15,"column":31}},"loc":{"start":{"line":15,"column":31},"end":{"line":15,"column":null}},"line":15}},"branchMap":{"0":{"loc":{"start":{"line":7,"column":101},"end":{"line":7,"column":null}},"type":"cond-expr","locations":[{"start":{"line":7,"column":126},"end":{"line":7,"column":142}},{"start":{"line":7,"column":142},"end":{"line":7,"column":null}}],"line":7},"1":{"loc":{"start":{"line":14,"column":101},"end":{"line":14,"column":null}},"type":"cond-expr","locations":[{"start":{"line":14,"column":129},"end":{"line":14,"column":147}},{"start":{"line":14,"column":147},"end":{"line":14,"column":null}}],"line":14}},"s":{"0":0,"1":0,"2":0},"f":{"0":0,"1":0,"2":0},"b":{"0":[0,0],"1":[0,0]},"meta":{"lastBranch":2,"lastFunction":3,"lastStatement":3,"seen":{"f:3:9:3:20":0,"s:4:4:20:Infinity":0,"b:7:126:7:142:7:142:7:Infinity":0,"f:8:16:8:31":1,"s:8:31:8:Infinity":1,"b:14:129:14:147:14:147:14:Infinity":1,"f:15:16:15:31":2,"s:15:31:15:Infinity":2},"fnNames":{}}}
,"E:\\novacreactjsjuly2026\\ecommerce-app\\src\\components\\molecules\\CategoryCard\\CategoryCard.jsx": {"path":"E:\\novacreactjsjuly2026\\ecommerce-app\\src\\components\\molecules\\CategoryCard\\CategoryCard.jsx","statementMap":{"0":{"start":{"line":3,"column":17},"end":{"line":5,"column":null}},"1":{"start":{"line":8,"column":24},"end":{"line":8,"column":null}},"2":{"start":{"line":9,"column":30},"end":{"line":9,"column":null}},"3":{"start":{"line":10,"column":2},"end":{"line":16,"column":null}}},"fnMap":{"0":{"name":"CategoryCard","decl":{"start":{"line":7,"column":9},"end":{"line":7,"column":22}},"loc":{"start":{"line":7,"column":41},"end":{"line":18,"column":null}},"line":7}},"branchMap":{"0":{"loc":{"start":{"line":9,"column":65},"end":{"line":9,"column":131}},"type":"cond-expr","locations":[{"start":{"line":9,"column":98},"end":{"line":9,"column":114}},{"start":{"line":9,"column":114},"end":{"line":9,"column":131}}],"line":9},"1":{"loc":{"start":{"line":14,"column":16},"end":{"line":14,"column":68}},"type":"binary-expr","locations":[{"start":{"line":14,"column":16},"end":{"line":14,"column":33}},{"start":{"line":14,"column":33},"end":{"line":14,"column":54}},{"start":{"line":14,"column":54},"end":{"line":14,"column":68}}],"line":14}},"s":{"0":0,"1":0,"2":0,"3":0},"f":{"0":0},"b":{"0":[0,0],"1":[0,0,0]},"meta":{"lastBranch":2,"lastFunction":1,"lastStatement":4,"seen":{"s:3:17:5:Infinity":0,"f:7:9:7:22":0,"s:8:24:8:Infinity":1,"s:9:30:9:Infinity":2,"b:9:98:9:114:9:114:9:131":0,"s:10:2:16:Infinity":3,"b:14:16:14:33:14:33:14:54:14:54:14:68":1},"fnNames":{}}}
,"E:\\novacreactjsjuly2026\\ecommerce-app\\src\\components\\molecules\\FormField\\FormField.jsx": {"path":"E:\\novacreactjsjuly2026\\ecommerce-app\\src\\components\\molecules\\FormField\\FormField.jsx","statementMap":{"0":{"start":{"line":6,"column":126},"end":{"line":6,"column":null}},"1":{"start":{"line":7,"column":4},"end":{"line":23,"column":null}}},"fnMap":{"0":{"name":"FormField","decl":{"start":{"line":5,"column":9},"end":{"line":5,"column":19}},"loc":{"start":{"line":5,"column":26},"end":{"line":25,"column":null}},"line":5}},"branchMap":{"0":{"loc":{"start":{"line":6,"column":50},"end":{"line":6,"column":65}},"type":"default-arg","locations":[{"start":{"line":6,"column":57},"end":{"line":6,"column":65}}],"line":6},"1":{"loc":{"start":{"line":6,"column":94},"end":{"line":6,"column":110}},"type":"default-arg","locations":[{"start":{"line":6,"column":106},"end":{"line":6,"column":110}}],"line":6},"2":{"loc":{"start":{"line":22,"column":13},"end":{"line":22,"column":null}},"type":"binary-expr","locations":[{"start":{"line":22,"column":13},"end":{"line":22,"column":22}},{"start":{"line":22,"column":22},"end":{"line":22,"column":null}}],"line":22}},"s":{"0":0,"1":0},"f":{"0":0},"b":{"0":[0],"1":[0],"2":[0,0]},"meta":{"lastBranch":3,"lastFunction":1,"lastStatement":2,"seen":{"f:5:9:5:19":0,"s:6:126:6:Infinity":0,"b:6:57:6:65":0,"b:6:106:6:110":1,"s:7:4:23:Infinity":1,"b:22:13:22:22:22:22:22:Infinity":2},"fnNames":{}}}
,"E:\\novacreactjsjuly2026\\ecommerce-app\\src\\components\\molecules\\Header\\Header.jsx": {"path":"E:\\novacreactjsjuly2026\\ecommerce-app\\src\\components\\molecules\\Header\\Header.jsx","statementMap":{"0":{"start":{"line":5,"column":4},"end":{"line":14,"column":null}}},"fnMap":{"0":{"name":"Header","decl":{"start":{"line":4,"column":9},"end":{"line":4,"column":18}},"loc":{"start":{"line":4,"column":18},"end":{"line":16,"column":null}},"line":4}},"branchMap":{},"s":{"0":0},"f":{"0":0},"b":{},"meta":{"lastBranch":0,"lastFunction":1,"lastStatement":1,"seen":{"f:4:9:4:18":0,"s:5:4:14:Infinity":0},"fnNames":{}}}
,"E:\\novacreactjsjuly2026\\ecommerce-app\\src\\components\\molecules\\ProductCard\\ProductCard.jsx": {"path":"E:\\novacreactjsjuly2026\\ecommerce-app\\src\\components\\molecules\\ProductCard\\ProductCard.jsx","statementMap":{"0":{"start":{"line":3,"column":17},"end":{"line":5,"column":null}},"1":{"start":{"line":8,"column":24},"end":{"line":8,"column":null}},"2":{"start":{"line":9,"column":30},"end":{"line":9,"column":null}},"3":{"start":{"line":10,"column":2},"end":{"line":19,"column":null}}},"fnMap":{"0":{"name":"ProductCard","decl":{"start":{"line":7,"column":9},"end":{"line":7,"column":21}},"loc":{"start":{"line":7,"column":40},"end":{"line":21,"column":null}},"line":7}},"branchMap":{"0":{"loc":{"start":{"line":9,"column":65},"end":{"line":9,"column":123}},"type":"cond-expr","locations":[{"start":{"line":9,"column":94},"end":{"line":9,"column":110}},{"start":{"line":9,"column":110},"end":{"line":9,"column":123}}],"line":9},"1":{"loc":{"start":{"line":14,"column":16},"end":{"line":14,"column":68}},"type":"binary-expr","locations":[{"start":{"line":14,"column":16},"end":{"line":14,"column":33}},{"start":{"line":14,"column":33},"end":{"line":14,"column":54}},{"start":{"line":14,"column":54},"end":{"line":14,"column":68}}],"line":14}},"s":{"0":0,"1":0,"2":0,"3":0},"f":{"0":0},"b":{"0":[0,0],"1":[0,0,0]},"meta":{"lastBranch":2,"lastFunction":1,"lastStatement":4,"seen":{"s:3:17:5:Infinity":0,"f:7:9:7:21":0,"s:8:24:8:Infinity":1,"s:9:30:9:Infinity":2,"b:9:94:9:110:9:110:9:123":0,"s:10:2:19:Infinity":3,"b:14:16:14:33:14:33:14:54:14:54:14:68":1},"fnNames":{}}}
,"E:\\novacreactjsjuly2026\\ecommerce-app\\src\\components\\molecules\\ProductRow\\ProductRow.jsx": {"path":"E:\\novacreactjsjuly2026\\ecommerce-app\\src\\components\\molecules\\ProductRow\\ProductRow.jsx","statementMap":{"0":{"start":{"line":4,"column":4},"end":{"line":25,"column":null}},"1":{"start":{"line":16,"column":160},"end":{"line":16,"column":177}},"2":{"start":{"line":20,"column":156},"end":{"line":20,"column":185}}},"fnMap":{"0":{"name":"ProductRow","decl":{"start":{"line":3,"column":9},"end":{"line":3,"column":20}},"loc":{"start":{"line":3,"column":56},"end":{"line":27,"column":null}},"line":3},"1":{"name":"(anonymous_1)","decl":{"start":{"line":16,"column":145},"end":{"line":16,"column":160}},"loc":{"start":{"line":16,"column":160},"end":{"line":16,"column":177}},"line":16},"2":{"name":"(anonymous_2)","decl":{"start":{"line":20,"column":141},"end":{"line":20,"column":156}},"loc":{"start":{"line":20,"column":156},"end":{"line":20,"column":185}},"line":20}},"branchMap":{"0":{"loc":{"start":{"line":6,"column":4},"end":{"line":6,"column":null}},"type":"cond-expr","locations":[{"start":{"line":6,"column":22},"end":{"line":6,"column":35}},{"start":{"line":6,"column":35},"end":{"line":6,"column":null}}],"line":6},"1":{"loc":{"start":{"line":5,"column":18},"end":{"line":5,"column":45}},"type":"binary-expr","locations":[{"start":{"line":5,"column":18},"end":{"line":5,"column":33}},{"start":{"line":5,"column":33},"end":{"line":5,"column":45}}],"line":5}},"s":{"0":0,"1":0,"2":0},"f":{"0":0,"1":0,"2":0},"b":{"0":[0,0],"1":[0,0]},"meta":{"lastBranch":2,"lastFunction":3,"lastStatement":3,"seen":{"f:3:9:3:20":0,"s:4:4:25:Infinity":0,"b:6:22:6:35:6:35:6:Infinity":0,"f:16:145:16:160":1,"s:16:160:16:177":1,"f:20:141:20:156":2,"s:20:156:20:185":2,"b:5:18:5:33:5:33:5:45":1},"fnNames":{}}}
,"E:\\novacreactjsjuly2026\\ecommerce-app\\src\\components\\molecules\\Routes\\AppRoutes.jsx": {"path":"E:\\novacreactjsjuly2026\\ecommerce-app\\src\\components\\molecules\\Routes\\AppRoutes.jsx","statementMap":{"0":{"start":{"line":11,"column":15},"end":{"line":13,"column":null}},"1":{"start":{"line":12,"column":2},"end":{"line":13,"column":null}},"2":{"start":{"line":12,"column":44},"end":{"line":13,"column":null}},"3":{"start":{"line":17,"column":18},"end":{"line":19,"column":null}},"4":{"start":{"line":18,"column":2},"end":{"line":19,"column":null}},"5":{"start":{"line":18,"column":44},"end":{"line":19,"column":null}},"6":{"start":{"line":23,"column":21},"end":{"line":25,"column":null}},"7":{"start":{"line":24,"column":2},"end":{"line":25,"column":null}},"8":{"start":{"line":24,"column":44},"end":{"line":25,"column":null}},"9":{"start":{"line":29,"column":21},"end":{"line":31,"column":null}},"10":{"start":{"line":30,"column":2},"end":{"line":31,"column":null}},"11":{"start":{"line":30,"column":44},"end":{"line":31,"column":null}},"12":{"start":{"line":36,"column":17},"end":{"line":38,"column":null}},"13":{"start":{"line":37,"column":2},"end":{"line":38,"column":null}},"14":{"start":{"line":37,"column":46},"end":{"line":38,"column":null}},"15":{"start":{"line":42,"column":20},"end":{"line":44,"column":null}},"16":{"start":{"line":43,"column":2},"end":{"line":44,"column":null}},"17":{"start":{"line":43,"column":46},"end":{"line":44,"column":null}},"18":{"start":{"line":48,"column":23},"end":{"line":50,"column":null}},"19":{"start":{"line":49,"column":2},"end":{"line":50,"column":null}},"20":{"start":{"line":49,"column":46},"end":{"line":50,"column":null}},"21":{"start":{"line":54,"column":23},"end":{"line":56,"column":null}},"22":{"start":{"line":55,"column":2},"end":{"line":56,"column":null}},"23":{"start":{"line":55,"column":46},"end":{"line":56,"column":null}},"24":{"start":{"line":61,"column":18},"end":{"line":63,"column":null}},"25":{"start":{"line":62,"column":2},"end":{"line":63,"column":null}},"26":{"start":{"line":62,"column":47},"end":{"line":63,"column":null}},"27":{"start":{"line":67,"column":21},"end":{"line":69,"column":null}},"28":{"start":{"line":68,"column":2},"end":{"line":69,"column":null}},"29":{"start":{"line":68,"column":47},"end":{"line":69,"column":null}},"30":{"start":{"line":73,"column":24},"end":{"line":75,"column":null}},"31":{"start":{"line":74,"column":2},"end":{"line":75,"column":null}},"32":{"start":{"line":74,"column":47},"end":{"line":75,"column":null}},"33":{"start":{"line":79,"column":24},"end":{"line":81,"column":null}},"34":{"start":{"line":80,"column":2},"end":{"line":81,"column":null}},"35":{"start":{"line":80,"column":47},"end":{"line":81,"column":null}},"36":{"start":{"line":86,"column":18},"end":{"line":88,"column":null}},"37":{"start":{"line":87,"column":2},"end":{"line":88,"column":null}},"38":{"start":{"line":87,"column":47},"end":{"line":88,"column":null}},"39":{"start":{"line":92,"column":21},"end":{"line":94,"column":null}},"40":{"start":{"line":93,"column":2},"end":{"line":94,"column":null}},"41":{"start":{"line":93,"column":47},"end":{"line":94,"column":null}},"42":{"start":{"line":98,"column":24},"end":{"line":100,"column":null}},"43":{"start":{"line":99,"column":2},"end":{"line":100,"column":null}},"44":{"start":{"line":99,"column":47},"end":{"line":100,"column":null}},"45":{"start":{"line":104,"column":24},"end":{"line":106,"column":null}},"46":{"start":{"line":105,"column":2},"end":{"line":106,"column":null}},"47":{"start":{"line":105,"column":47},"end":{"line":106,"column":null}},"48":{"start":{"line":111,"column":17},"end":{"line":113,"column":null}},"49":{"start":{"line":112,"column":2},"end":{"line":113,"column":null}},"50":{"start":{"line":112,"column":46},"end":{"line":113,"column":null}},"51":{"start":{"line":117,"column":20},"end":{"line":119,"column":null}},"52":{"start":{"line":118,"column":2},"end":{"line":119,"column":null}},"53":{"start":{"line":118,"column":46},"end":{"line":119,"column":null}},"54":{"start":{"line":123,"column":23},"end":{"line":125,"column":null}},"55":{"start":{"line":124,"column":2},"end":{"line":125,"column":null}},"56":{"start":{"line":124,"column":46},"end":{"line":125,"column":null}},"57":{"start":{"line":129,"column":23},"end":{"line":131,"column":null}},"58":{"start":{"line":130,"column":2},"end":{"line":131,"column":null}},"59":{"start":{"line":130,"column":46},"end":{"line":131,"column":null}},"60":{"start":{"line":136,"column":18},"end":{"line":136,"column":null}},"61":{"start":{"line":136,"column":29},"end":{"line":136,"column":null}},"62":{"start":{"line":137,"column":17},"end":{"line":137,"column":null}},"63":{"start":{"line":137,"column":28},"end":{"line":137,"column":null}},"64":{"start":{"line":138,"column":16},"end":{"line":138,"column":null}},"65":{"start":{"line":138,"column":27},"end":{"line":138,"column":null}},"66":{"start":{"line":141,"column":2},"end":{"line":206,"column":null}}},"fnMap":{"0":{"name":"(anonymous_0)","decl":{"start":{"line":11,"column":15},"end":{"line":11,"column":null}},"loc":{"start":{"line":12,"column":2},"end":{"line":13,"column":null}},"line":12},"1":{"name":"(anonymous_1)","decl":{"start":{"line":12,"column":38},"end":{"line":12,"column":44}},"loc":{"start":{"line":12,"column":44},"end":{"line":13,"column":null}},"line":12},"2":{"name":"(anonymous_2)","decl":{"start":{"line":17,"column":18},"end":{"line":17,"column":null}},"loc":{"start":{"line":18,"column":2},"end":{"line":19,"column":null}},"line":18},"3":{"name":"(anonymous_3)","decl":{"start":{"line":18,"column":38},"end":{"line":18,"column":44}},"loc":{"start":{"line":18,"column":44},"end":{"line":19,"column":null}},"line":18},"4":{"name":"(anonymous_4)","decl":{"start":{"line":23,"column":21},"end":{"line":23,"column":null}},"loc":{"start":{"line":24,"column":2},"end":{"line":25,"column":null}},"line":24},"5":{"name":"(anonymous_5)","decl":{"start":{"line":24,"column":38},"end":{"line":24,"column":44}},"loc":{"start":{"line":24,"column":44},"end":{"line":25,"column":null}},"line":24},"6":{"name":"(anonymous_6)","decl":{"start":{"line":29,"column":21},"end":{"line":29,"column":null}},"loc":{"start":{"line":30,"column":2},"end":{"line":31,"column":null}},"line":30},"7":{"name":"(anonymous_7)","decl":{"start":{"line":30,"column":38},"end":{"line":30,"column":44}},"loc":{"start":{"line":30,"column":44},"end":{"line":31,"column":null}},"line":30},"8":{"name":"(anonymous_8)","decl":{"start":{"line":36,"column":17},"end":{"line":36,"column":null}},"loc":{"start":{"line":37,"column":2},"end":{"line":38,"column":null}},"line":37},"9":{"name":"(anonymous_9)","decl":{"start":{"line":37,"column":40},"end":{"line":37,"column":46}},"loc":{"start":{"line":37,"column":46},"end":{"line":38,"column":null}},"line":37},"10":{"name":"(anonymous_10)","decl":{"start":{"line":42,"column":20},"end":{"line":42,"column":null}},"loc":{"start":{"line":43,"column":2},"end":{"line":44,"column":null}},"line":43},"11":{"name":"(anonymous_11)","decl":{"start":{"line":43,"column":40},"end":{"line":43,"column":46}},"loc":{"start":{"line":43,"column":46},"end":{"line":44,"column":null}},"line":43},"12":{"name":"(anonymous_12)","decl":{"start":{"line":48,"column":23},"end":{"line":48,"column":null}},"loc":{"start":{"line":49,"column":2},"end":{"line":50,"column":null}},"line":49},"13":{"name":"(anonymous_13)","decl":{"start":{"line":49,"column":40},"end":{"line":49,"column":46}},"loc":{"start":{"line":49,"column":46},"end":{"line":50,"column":null}},"line":49},"14":{"name":"(anonymous_14)","decl":{"start":{"line":54,"column":23},"end":{"line":54,"column":null}},"loc":{"start":{"line":55,"column":2},"end":{"line":56,"column":null}},"line":55},"15":{"name":"(anonymous_15)","decl":{"start":{"line":55,"column":40},"end":{"line":55,"column":46}},"loc":{"start":{"line":55,"column":46},"end":{"line":56,"column":null}},"line":55},"16":{"name":"(anonymous_16)","decl":{"start":{"line":61,"column":18},"end":{"line":61,"column":null}},"loc":{"start":{"line":62,"column":2},"end":{"line":63,"column":null}},"line":62},"17":{"name":"(anonymous_17)","decl":{"start":{"line":62,"column":41},"end":{"line":62,"column":47}},"loc":{"start":{"line":62,"column":47},"end":{"line":63,"column":null}},"line":62},"18":{"name":"(anonymous_18)","decl":{"start":{"line":67,"column":21},"end":{"line":67,"column":null}},"loc":{"start":{"line":68,"column":2},"end":{"line":69,"column":null}},"line":68},"19":{"name":"(anonymous_19)","decl":{"start":{"line":68,"column":41},"end":{"line":68,"column":47}},"loc":{"start":{"line":68,"column":47},"end":{"line":69,"column":null}},"line":68},"20":{"name":"(anonymous_20)","decl":{"start":{"line":73,"column":24},"end":{"line":73,"column":null}},"loc":{"start":{"line":74,"column":2},"end":{"line":75,"column":null}},"line":74},"21":{"name":"(anonymous_21)","decl":{"start":{"line":74,"column":41},"end":{"line":74,"column":47}},"loc":{"start":{"line":74,"column":47},"end":{"line":75,"column":null}},"line":74},"22":{"name":"(anonymous_22)","decl":{"start":{"line":79,"column":24},"end":{"line":79,"column":null}},"loc":{"start":{"line":80,"column":2},"end":{"line":81,"column":null}},"line":80},"23":{"name":"(anonymous_23)","decl":{"start":{"line":80,"column":41},"end":{"line":80,"column":47}},"loc":{"start":{"line":80,"column":47},"end":{"line":81,"column":null}},"line":80},"24":{"name":"(anonymous_24)","decl":{"start":{"line":86,"column":18},"end":{"line":86,"column":null}},"loc":{"start":{"line":87,"column":2},"end":{"line":88,"column":null}},"line":87},"25":{"name":"(anonymous_25)","decl":{"start":{"line":87,"column":41},"end":{"line":87,"column":47}},"loc":{"start":{"line":87,"column":47},"end":{"line":88,"column":null}},"line":87},"26":{"name":"(anonymous_26)","decl":{"start":{"line":92,"column":21},"end":{"line":92,"column":null}},"loc":{"start":{"line":93,"column":2},"end":{"line":94,"column":null}},"line":93},"27":{"name":"(anonymous_27)","decl":{"start":{"line":93,"column":41},"end":{"line":93,"column":47}},"loc":{"start":{"line":93,"column":47},"end":{"line":94,"column":null}},"line":93},"28":{"name":"(anonymous_28)","decl":{"start":{"line":98,"column":24},"end":{"line":98,"column":null}},"loc":{"start":{"line":99,"column":2},"end":{"line":100,"column":null}},"line":99},"29":{"name":"(anonymous_29)","decl":{"start":{"line":99,"column":41},"end":{"line":99,"column":47}},"loc":{"start":{"line":99,"column":47},"end":{"line":100,"column":null}},"line":99},"30":{"name":"(anonymous_30)","decl":{"start":{"line":104,"column":24},"end":{"line":104,"column":null}},"loc":{"start":{"line":105,"column":2},"end":{"line":106,"column":null}},"line":105},"31":{"name":"(anonymous_31)","decl":{"start":{"line":105,"column":41},"end":{"line":105,"column":47}},"loc":{"start":{"line":105,"column":47},"end":{"line":106,"column":null}},"line":105},"32":{"name":"(anonymous_32)","decl":{"start":{"line":111,"column":17},"end":{"line":111,"column":null}},"loc":{"start":{"line":112,"column":2},"end":{"line":113,"column":null}},"line":112},"33":{"name":"(anonymous_33)","decl":{"start":{"line":112,"column":40},"end":{"line":112,"column":46}},"loc":{"start":{"line":112,"column":46},"end":{"line":113,"column":null}},"line":112},"34":{"name":"(anonymous_34)","decl":{"start":{"line":117,"column":20},"end":{"line":117,"column":null}},"loc":{"start":{"line":118,"column":2},"end":{"line":119,"column":null}},"line":118},"35":{"name":"(anonymous_35)","decl":{"start":{"line":118,"column":40},"end":{"line":118,"column":46}},"loc":{"start":{"line":118,"column":46},"end":{"line":119,"column":null}},"line":118},"36":{"name":"(anonymous_36)","decl":{"start":{"line":123,"column":23},"end":{"line":123,"column":null}},"loc":{"start":{"line":124,"column":2},"end":{"line":125,"column":null}},"line":124},"37":{"name":"(anonymous_37)","decl":{"start":{"line":124,"column":40},"end":{"line":124,"column":46}},"loc":{"start":{"line":124,"column":46},"end":{"line":125,"column":null}},"line":124},"38":{"name":"(anonymous_38)","decl":{"start":{"line":129,"column":23},"end":{"line":129,"column":null}},"loc":{"start":{"line":130,"column":2},"end":{"line":131,"column":null}},"line":130},"39":{"name":"(anonymous_39)","decl":{"start":{"line":130,"column":40},"end":{"line":130,"column":46}},"loc":{"start":{"line":130,"column":46},"end":{"line":131,"column":null}},"line":130},"40":{"name":"(anonymous_40)","decl":{"start":{"line":136,"column":18},"end":{"line":136,"column":29}},"loc":{"start":{"line":136,"column":29},"end":{"line":136,"column":null}},"line":136},"41":{"name":"(anonymous_41)","decl":{"start":{"line":137,"column":17},"end":{"line":137,"column":28}},"loc":{"start":{"line":137,"column":28},"end":{"line":137,"column":null}},"line":137},"42":{"name":"(anonymous_42)","decl":{"start":{"line":138,"column":16},"end":{"line":138,"column":27}},"loc":{"start":{"line":138,"column":27},"end":{"line":138,"column":null}},"line":138},"43":{"name":"AppRoutes","decl":{"start":{"line":140,"column":9},"end":{"line":140,"column":21}},"loc":{"start":{"line":140,"column":21},"end":{"line":208,"column":null}},"line":140}},"branchMap":{},"s":{"0":0,"1":0,"2":0,"3":0,"4":0,"5":0,"6":0,"7":0,"8":0,"9":0,"10":0,"11":0,"12":0,"13":0,"14":0,"15":0,"16":0,"17":0,"18":0,"19":0,"20":0,"21":0,"22":0,"23":0,"24":0,"25":0,"26":0,"27":0,"28":0,"29":0,"30":0,"31":0,"32":0,"33":0,"34":0,"35":0,"36":0,"37":0,"38":0,"39":0,"40":0,"41":0,"42":0,"43":0,"44":0,"45":0,"46":0,"47":0,"48":0,"49":0,"50":0,"51":0,"52":0,"53":0,"54":0,"55":0,"56":0,"57":0,"58":0,"59":0,"60":0,"61":0,"62":0,"63":0,"64":0,"65":0,"66":0},"f":{"0":0,"1":0,"2":0,"3":0,"4":0,"5":0,"6":0,"7":0,"8":0,"9":0,"10":0,"11":0,"12":0,"13":0,"14":0,"15":0,"16":0,"17":0,"18":0,"19":0,"20":0,"21":0,"22":0,"23":0,"24":0,"25":0,"26":0,"27":0,"28":0,"29":0,"30":0,"31":0,"32":0,"33":0,"34":0,"35":0,"36":0,"37":0,"38":0,"39":0,"40":0,"41":0,"42":0,"43":0},"b":{},"meta":{"lastBranch":0,"lastFunction":44,"lastStatement":67,"seen":{"s:11:15:13:Infinity":0,"f:11:15:11:Infinity":0,"s:12:2:13:Infinity":1,"f:12:38:12:44":1,"s:12:44:13:Infinity":2,"s:17:18:19:Infinity":3,"f:17:18:17:Infinity":2,"s:18:2:19:Infinity":4,"f:18:38:18:44":3,"s:18:44:19:Infinity":5,"s:23:21:25:Infinity":6,"f:23:21:23:Infinity":4,"s:24:2:25:Infinity":7,"f:24:38:24:44":5,"s:24:44:25:Infinity":8,"s:29:21:31:Infinity":9,"f:29:21:29:Infinity":6,"s:30:2:31:Infinity":10,"f:30:38:30:44":7,"s:30:44:31:Infinity":11,"s:36:17:38:Infinity":12,"f:36:17:36:Infinity":8,"s:37:2:38:Infinity":13,"f:37:40:37:46":9,"s:37:46:38:Infinity":14,"s:42:20:44:Infinity":15,"f:42:20:42:Infinity":10,"s:43:2:44:Infinity":16,"f:43:40:43:46":11,"s:43:46:44:Infinity":17,"s:48:23:50:Infinity":18,"f:48:23:48:Infinity":12,"s:49:2:50:Infinity":19,"f:49:40:49:46":13,"s:49:46:50:Infinity":20,"s:54:23:56:Infinity":21,"f:54:23:54:Infinity":14,"s:55:2:56:Infinity":22,"f:55:40:55:46":15,"s:55:46:56:Infinity":23,"s:61:18:63:Infinity":24,"f:61:18:61:Infinity":16,"s:62:2:63:Infinity":25,"f:62:41:62:47":17,"s:62:47:63:Infinity":26,"s:67:21:69:Infinity":27,"f:67:21:67:Infinity":18,"s:68:2:69:Infinity":28,"f:68:41:68:47":19,"s:68:47:69:Infinity":29,"s:73:24:75:Infinity":30,"f:73:24:73:Infinity":20,"s:74:2:75:Infinity":31,"f:74:41:74:47":21,"s:74:47:75:Infinity":32,"s:79:24:81:Infinity":33,"f:79:24:79:Infinity":22,"s:80:2:81:Infinity":34,"f:80:41:80:47":23,"s:80:47:81:Infinity":35,"s:86:18:88:Infinity":36,"f:86:18:86:Infinity":24,"s:87:2:88:Infinity":37,"f:87:41:87:47":25,"s:87:47:88:Infinity":38,"s:92:21:94:Infinity":39,"f:92:21:92:Infinity":26,"s:93:2:94:Infinity":40,"f:93:41:93:47":27,"s:93:47:94:Infinity":41,"s:98:24:100:Infinity":42,"f:98:24:98:Infinity":28,"s:99:2:100:Infinity":43,"f:99:41:99:47":29,"s:99:47:100:Infinity":44,"s:104:24:106:Infinity":45,"f:104:24:104:Infinity":30,"s:105:2:106:Infinity":46,"f:105:41:105:47":31,"s:105:47:106:Infinity":47,"s:111:17:113:Infinity":48,"f:111:17:111:Infinity":32,"s:112:2:113:Infinity":49,"f:112:40:112:46":33,"s:112:46:113:Infinity":50,"s:117:20:119:Infinity":51,"f:117:20:117:Infinity":34,"s:118:2:119:Infinity":52,"f:118:40:118:46":35,"s:118:46:119:Infinity":53,"s:123:23:125:Infinity":54,"f:123:23:123:Infinity":36,"s:124:2:125:Infinity":55,"f:124:40:124:46":37,"s:124:46:125:Infinity":56,"s:129:23:131:Infinity":57,"f:129:23:129:Infinity":38,"s:130:2:131:Infinity":58,"f:130:40:130:46":39,"s:130:46:131:Infinity":59,"s:136:18:136:Infinity":60,"f:136:18:136:29":40,"s:136:29:136:Infinity":61,"s:137:17:137:Infinity":62,"f:137:17:137:28":41,"s:137:28:137:Infinity":63,"s:138:16:138:Infinity":64,"f:138:16:138:27":42,"s:138:27:138:Infinity":65,"f:140:9:140:21":43,"s:141:2:206:Infinity":66},"fnNames":{}}}
,"E:\\novacreactjsjuly2026\\ecommerce-app\\src\\components\\molecules\\Routes\\ProtectedRoute.jsx": {"path":"E:\\novacreactjsjuly2026\\ecommerce-app\\src\\components\\molecules\\Routes\\ProtectedRoute.jsx","statementMap":{"0":{"start":{"line":6,"column":21},"end":{"line":6,"column":29}},"1":{"start":{"line":7,"column":4},"end":{"line":9,"column":null}},"2":{"start":{"line":8,"column":8},"end":{"line":8,"column":null}},"3":{"start":{"line":10,"column":4},"end":{"line":10,"column":null}}},"fnMap":{"0":{"name":"ProtectedRoute","decl":{"start":{"line":5,"column":9},"end":{"line":5,"column":24}},"loc":{"start":{"line":5,"column":38},"end":{"line":11,"column":null}},"line":5}},"branchMap":{"0":{"loc":{"start":{"line":7,"column":4},"end":{"line":9,"column":null}},"type":"if","locations":[{"start":{"line":7,"column":4},"end":{"line":9,"column":null}},{"start":{},"end":{}}],"line":7}},"s":{"0":0,"1":0,"2":0,"3":0},"f":{"0":0},"b":{"0":[0,0]},"meta":{"lastBranch":1,"lastFunction":1,"lastStatement":4,"seen":{"f:5:9:5:24":0,"s:6:21:6:29":0,"b:7:4:9:Infinity:undefined:undefined:undefined:undefined":0,"s:7:4:9:Infinity":1,"s:8:8:8:Infinity":2,"s:10:4:10:Infinity":3},"fnNames":{}}}
,"E:\\novacreactjsjuly2026\\ecommerce-app\\src\\components\\molecules\\SideBarMenu\\SideBarMenu.jsx": {"path":"E:\\novacreactjsjuly2026\\ecommerce-app\\src\\components\\molecules\\SideBarMenu\\SideBarMenu.jsx","statementMap":{"0":{"start":{"line":7,"column":4},"end":{"line":7,"column":null}},"1":{"start":{"line":9,"column":2},"end":{"line":36,"column":null}},"2":{"start":{"line":15,"column":23},"end":{"line":15,"column":null}},"3":{"start":{"line":22,"column":12},"end":{"line":32,"column":null}},"4":{"start":{"line":26,"column":16},"end":{"line":27,"column":null}}},"fnMap":{"0":{"name":"SideBarMenu","decl":{"start":{"line":5,"column":9},"end":{"line":5,"column":21}},"loc":{"start":{"line":5,"column":49},"end":{"line":38,"column":null}},"line":5},"1":{"name":"(anonymous_1)","decl":{"start":{"line":15,"column":8},"end":{"line":15,"column":23}},"loc":{"start":{"line":15,"column":23},"end":{"line":15,"column":null}},"line":15},"2":{"name":"(anonymous_2)","decl":{"start":{"line":21,"column":25},"end":{"line":21,"column":30}},"loc":{"start":{"line":22,"column":12},"end":{"line":32,"column":null}},"line":22},"3":{"name":"(anonymous_3)","decl":{"start":{"line":25,"column":14},"end":{"line":25,"column":26}},"loc":{"start":{"line":26,"column":16},"end":{"line":27,"column":null}},"line":26}},"branchMap":{"0":{"loc":{"start":{"line":7,"column":4},"end":{"line":7,"column":null}},"type":"binary-expr","locations":[{"start":{"line":7,"column":4},"end":{"line":7,"column":36}},{"start":{"line":7,"column":36},"end":{"line":7,"column":null}}],"line":7},"1":{"loc":{"start":{"line":19,"column":7},"end":{"line":36,"column":null}},"type":"binary-expr","locations":[{"start":{"line":19,"column":7},"end":{"line":19,"column":17}},{"start":{"line":19,"column":17},"end":{"line":19,"column":null}},{"start":{"line":20,"column":8},"end":{"line":36,"column":null}}],"line":19},"2":{"loc":{"start":{"line":27,"column":18},"end":{"line":27,"column":null}},"type":"cond-expr","locations":[{"start":{"line":27,"column":29},"end":{"line":27,"column":53}},{"start":{"line":27,"column":53},"end":{"line":27,"column":null}}],"line":27}},"s":{"0":0,"1":0,"2":0,"3":0,"4":0},"f":{"0":0,"1":0,"2":0,"3":0},"b":{"0":[0,0],"1":[0,0,0],"2":[0,0]},"meta":{"lastBranch":3,"lastFunction":4,"lastStatement":5,"seen":{"f:5:9:5:21":0,"s:7:4:7:Infinity":0,"b:7:4:7:36:7:36:7:Infinity":0,"s:9:2:36:Infinity":1,"f:15:8:15:23":1,"s:15:23:15:Infinity":2,"b:19:7:19:17:19:17:19:Infinity:20:8:36:Infinity":1,"f:21:25:21:30":2,"s:22:12:32:Infinity":3,"f:25:14:25:26":3,"s:26:16:27:Infinity":4,"b:27:29:27:53:27:53:27:Infinity":2},"fnNames":{}}}
,"E:\\novacreactjsjuly2026\\ecommerce-app\\src\\components\\organisms\\AddProduct\\AddProduct.jsx": {"path":"E:\\novacreactjsjuly2026\\ecommerce-app\\src\\components\\organisms\\AddProduct\\AddProduct.jsx","statementMap":{"0":{"start":{"line":11,"column":19},"end":{"line":11,"column":31}},"1":{"start":{"line":12,"column":19},"end":{"line":12,"column":31}},"2":{"start":{"line":13,"column":24},"end":{"line":19,"column":null}},"3":{"start":{"line":21,"column":31},"end":{"line":21,"column":null}},"4":{"start":{"line":22,"column":45},"end":{"line":22,"column":null}},"5":{"start":{"line":23,"column":19},"end":{"line":23,"column":null}},"6":{"start":{"line":24,"column":9},"end":{"line":27,"column":null}},"7":{"start":{"line":25,"column":24},"end":{"line":25,"column":null}},"8":{"start":{"line":26,"column":4},"end":{"line":26,"column":null}},"9":{"start":{"line":29,"column":9},"end":{"line":63,"column":null}},"10":{"start":{"line":30,"column":19},"end":{"line":30,"column":null}},"11":{"start":{"line":32,"column":17},"end":{"line":32,"column":null}},"12":{"start":{"line":33,"column":24},"end":{"line":33,"column":null}},"13":{"start":{"line":34,"column":18},"end":{"line":34,"column":null}},"14":{"start":{"line":35,"column":21},"end":{"line":35,"column":null}},"15":{"start":{"line":36,"column":18},"end":{"line":36,"column":null}},"16":{"start":{"line":38,"column":4},"end":{"line":42,"column":null}},"17":{"start":{"line":39,"column":6},"end":{"line":39,"column":null}},"18":{"start":{"line":40,"column":11},"end":{"line":42,"column":null}},"19":{"start":{"line":41,"column":6},"end":{"line":41,"column":null}},"20":{"start":{"line":44,"column":4},"end":{"line":46,"column":null}},"21":{"start":{"line":45,"column":6},"end":{"line":45,"column":null}},"22":{"start":{"line":48,"column":4},"end":{"line":50,"column":null}},"23":{"start":{"line":49,"column":6},"end":{"line":49,"column":null}},"24":{"start":{"line":52,"column":4},"end":{"line":54,"column":null}},"25":{"start":{"line":53,"column":6},"end":{"line":53,"column":null}},"26":{"start":{"line":56,"column":4},"end":{"line":58,"column":null}},"27":{"start":{"line":57,"column":6},"end":{"line":57,"column":null}},"28":{"start":{"line":60,"column":4},"end":{"line":60,"column":null}},"29":{"start":{"line":62,"column":4},"end":{"line":62,"column":null}},"30":{"start":{"line":65,"column":2},"end":{"line":68,"column":null}},"31":{"start":{"line":66,"column":2},"end":{"line":66,"column":null}},"32":{"start":{"line":67,"column":2},"end":{"line":67,"column":null}},"33":{"start":{"line":69,"column":24},"end":{"line":102,"column":null}},"34":{"start":{"line":70,"column":4},"end":{"line":70,"column":null}},"35":{"start":{"line":71,"column":4},"end":{"line":73,"column":null}},"36":{"start":{"line":72,"column":6},"end":{"line":72,"column":null}},"37":{"start":{"line":74,"column":4},"end":{"line":74,"column":null}},"38":{"start":{"line":75,"column":24},"end":{"line":81,"column":null}},"39":{"start":{"line":82,"column":4},"end":{"line":100,"column":null}},"40":{"start":{"line":83,"column":6},"end":{"line":83,"column":null}},"41":{"start":{"line":84,"column":6},"end":{"line":84,"column":null}},"42":{"start":{"line":85,"column":6},"end":{"line":85,"column":null}},"43":{"start":{"line":87,"column":31},"end":{"line":87,"column":null}},"44":{"start":{"line":89,"column":8},"end":{"line":91,"column":null}},"45":{"start":{"line":93,"column":8},"end":{"line":93,"column":null}},"46":{"start":{"line":95,"column":4},"end":{"line":95,"column":null}},"47":{"start":{"line":96,"column":4},"end":{"line":96,"column":null}},"48":{"start":{"line":97,"column":6},"end":{"line":97,"column":null}},"49":{"start":{"line":99,"column":6},"end":{"line":99,"column":null}},"50":{"start":{"line":104,"column":2},"end":{"line":197,"column":null}}},"fnMap":{"0":{"name":"AddProduct","decl":{"start":{"line":10,"column":9},"end":{"line":10,"column":22}},"loc":{"start":{"line":10,"column":22},"end":{"line":202,"column":null}},"line":10},"1":{"name":"(anonymous_1)","decl":{"start":{"line":24,"column":9},"end":{"line":24,"column":25}},"loc":{"start":{"line":24,"column":31},"end":{"line":27,"column":null}},"line":24},"2":{"name":"(anonymous_2)","decl":{"start":{"line":29,"column":9},"end":{"line":29,"column":30}},"loc":{"start":{"line":29,"column":30},"end":{"line":63,"column":null}},"line":29},"3":{"name":"(anonymous_3)","decl":{"start":{"line":65,"column":2},"end":{"line":65,"column":18}},"loc":{"start":{"line":65,"column":18},"end":{"line":68,"column":3}},"line":65},"4":{"name":"(anonymous_4)","decl":{"start":{"line":69,"column":24},"end":{"line":69,"column":31}},"loc":{"start":{"line":69,"column":37},"end":{"line":102,"column":null}},"line":69}},"branchMap":{"0":{"loc":{"start":{"line":38,"column":4},"end":{"line":42,"column":null}},"type":"if","locations":[{"start":{"line":38,"column":4},"end":{"line":42,"column":null}},{"start":{"line":40,"column":11},"end":{"line":42,"column":null}}],"line":38},"1":{"loc":{"start":{"line":40,"column":11},"end":{"line":42,"column":null}},"type":"if","locations":[{"start":{"line":40,"column":11},"end":{"line":42,"column":null}},{"start":{},"end":{}}],"line":40},"2":{"loc":{"start":{"line":44,"column":4},"end":{"line":46,"column":null}},"type":"if","locations":[{"start":{"line":44,"column":4},"end":{"line":46,"column":null}},{"start":{},"end":{}}],"line":44},"3":{"loc":{"start":{"line":48,"column":4},"end":{"line":50,"column":null}},"type":"if","locations":[{"start":{"line":48,"column":4},"end":{"line":50,"column":null}},{"start":{},"end":{}}],"line":48},"4":{"loc":{"start":{"line":52,"column":4},"end":{"line":54,"column":null}},"type":"if","locations":[{"start":{"line":52,"column":4},"end":{"line":54,"column":null}},{"start":{},"end":{}}],"line":52},"5":{"loc":{"start":{"line":56,"column":4},"end":{"line":58,"column":null}},"type":"if","locations":[{"start":{"line":56,"column":4},"end":{"line":58,"column":null}},{"start":{},"end":{}}],"line":56},"6":{"loc":{"start":{"line":71,"column":4},"end":{"line":73,"column":null}},"type":"if","locations":[{"start":{"line":71,"column":4},"end":{"line":73,"column":null}},{"start":{},"end":{}}],"line":71},"7":{"loc":{"start":{"line":113,"column":10},"end":{"line":118,"column":null}},"type":"binary-expr","locations":[{"start":{"line":113,"column":10},"end":{"line":113,"column":null}},{"start":{"line":114,"column":8},"end":{"line":118,"column":null}}],"line":113},"8":{"loc":{"start":{"line":147,"column":14},"end":{"line":147,"column":null}},"type":"cond-expr","locations":[{"start":{"line":147,"column":30},"end":{"line":147,"column":33}},{"start":{"line":147,"column":33},"end":{"line":147,"column":null}}],"line":147},"9":{"loc":{"start":{"line":167,"column":14},"end":{"line":167,"column":null}},"type":"cond-expr","locations":[{"start":{"line":167,"column":30},"end":{"line":167,"column":33}},{"start":{"line":167,"column":33},"end":{"line":167,"column":null}}],"line":167}},"s":{"0":0,"1":0,"2":0,"3":0,"4":0,"5":0,"6":0,"7":0,"8":0,"9":0,"10":0,"11":0,"12":0,"13":0,"14":0,"15":0,"16":0,"17":0,"18":0,"19":0,"20":0,"21":0,"22":0,"23":0,"24":0,"25":0,"26":0,"27":0,"28":0,"29":0,"30":0,"31":0,"32":0,"33":0,"34":0,"35":0,"36":0,"37":0,"38":0,"39":0,"40":0,"41":0,"42":0,"43":0,"44":0,"45":0,"46":0,"47":0,"48":0,"49":0,"50":0},"f":{"0":0,"1":0,"2":0,"3":0,"4":0},"b":{"0":[0,0],"1":[0,0],"2":[0,0],"3":[0,0],"4":[0,0],"5":[0,0],"6":[0,0],"7":[0,0],"8":[0,0],"9":[0,0]},"meta":{"lastBranch":10,"lastFunction":5,"lastStatement":51,"seen":{"f:10:9:10:22":0,"s:11:19:11:31":0,"s:12:19:12:31":1,"s:13:24:19:Infinity":2,"s:21:31:21:Infinity":3,"s:22:45:22:Infinity":4,"s:23:19:23:Infinity":5,"s:24:9:27:Infinity":6,"f:24:9:24:25":1,"s:25:24:25:Infinity":7,"s:26:4:26:Infinity":8,"s:29:9:63:Infinity":9,"f:29:9:29:30":2,"s:30:19:30:Infinity":10,"s:32:17:32:Infinity":11,"s:33:24:33:Infinity":12,"s:34:18:34:Infinity":13,"s:35:21:35:Infinity":14,"s:36:18:36:Infinity":15,"b:38:4:42:Infinity:40:11:42:Infinity":0,"s:38:4:42:Infinity":16,"s:39:6:39:Infinity":17,"b:40:11:42:Infinity:undefined:undefined:undefined:undefined":1,"s:40:11:42:Infinity":18,"s:41:6:41:Infinity":19,"b:44:4:46:Infinity:undefined:undefined:undefined:undefined":2,"s:44:4:46:Infinity":20,"s:45:6:45:Infinity":21,"b:48:4:50:Infinity:undefined:undefined:undefined:undefined":3,"s:48:4:50:Infinity":22,"s:49:6:49:Infinity":23,"b:52:4:54:Infinity:undefined:undefined:undefined:undefined":4,"s:52:4:54:Infinity":24,"s:53:6:53:Infinity":25,"b:56:4:58:Infinity:undefined:undefined:undefined:undefined":5,"s:56:4:58:Infinity":26,"s:57:6:57:Infinity":27,"s:60:4:60:Infinity":28,"s:62:4:62:Infinity":29,"s:65:2:68:Infinity":30,"f:65:2:65:18":3,"s:66:2:66:Infinity":31,"s:67:2:67:Infinity":32,"s:69:24:102:Infinity":33,"f:69:24:69:31":4,"s:70:4:70:Infinity":34,"b:71:4:73:Infinity:undefined:undefined:undefined:undefined":6,"s:71:4:73:Infinity":35,"s:72:6:72:Infinity":36,"s:74:4:74:Infinity":37,"s:75:24:81:Infinity":38,"s:82:4:100:Infinity":39,"s:83:6:83:Infinity":40,"s:84:6:84:Infinity":41,"s:85:6:85:Infinity":42,"s:87:31:87:Infinity":43,"s:89:8:91:Infinity":44,"s:93:8:93:Infinity":45,"s:95:4:95:Infinity":46,"s:96:4:96:Infinity":47,"s:97:6:97:Infinity":48,"s:99:6:99:Infinity":49,"s:104:2:197:Infinity":50,"b:113:10:113:Infinity:114:8:118:Infinity":7,"b:147:30:147:33:147:33:147:Infinity":8,"b:167:30:167:33:167:33:167:Infinity":9},"fnNames":{}}}
,"E:\\novacreactjsjuly2026\\ecommerce-app\\src\\components\\organisms\\AuthCard\\AuthCard.jsx": {"path":"E:\\novacreactjsjuly2026\\ecommerce-app\\src\\components\\organisms\\AuthCard\\AuthCard.jsx","statementMap":{"0":{"start":{"line":10,"column":16},"end":{"line":27,"column":null}},"1":{"start":{"line":31,"column":39},"end":{"line":31,"column":null}},"2":{"start":{"line":33,"column":43},"end":{"line":33,"column":null}},"3":{"start":{"line":34,"column":26},"end":{"line":34,"column":null}},"4":{"start":{"line":36,"column":29},"end":{"line":36,"column":37}},"5":{"start":{"line":38,"column":24},"end":{"line":38,"column":null}},"6":{"start":{"line":40,"column":21},"end":{"line":40,"column":33}},"7":{"start":{"line":42,"column":24},"end":{"line":63,"column":null}},"8":{"start":{"line":43,"column":7},"end":{"line":62,"column":null}},"9":{"start":{"line":44,"column":4},"end":{"line":44,"column":null}},"10":{"start":{"line":46,"column":4},"end":{"line":46,"column":null}},"11":{"start":{"line":47,"column":4},"end":{"line":47,"column":null}},"12":{"start":{"line":48,"column":4},"end":{"line":48,"column":null}},"13":{"start":{"line":50,"column":4},"end":{"line":53,"column":null}},"14":{"start":{"line":51,"column":8},"end":{"line":51,"column":null}},"15":{"start":{"line":52,"column":8},"end":{"line":52,"column":null}},"16":{"start":{"line":54,"column":21},"end":{"line":54,"column":null}},"17":{"start":{"line":55,"column":4},"end":{"line":55,"column":null}},"18":{"start":{"line":56,"column":4},"end":{"line":56,"column":null}},"19":{"start":{"line":59,"column":4},"end":{"line":59,"column":null}},"20":{"start":{"line":61,"column":4},"end":{"line":61,"column":null}},"21":{"start":{"line":64,"column":27},"end":{"line":80,"column":null}},"22":{"start":{"line":65,"column":7},"end":{"line":79,"column":null}},"23":{"start":{"line":66,"column":4},"end":{"line":66,"column":null}},"24":{"start":{"line":68,"column":4},"end":{"line":68,"column":null}},"25":{"start":{"line":69,"column":21},"end":{"line":69,"column":null}},"26":{"start":{"line":70,"column":4},"end":{"line":70,"column":null}},"27":{"start":{"line":71,"column":4},"end":{"line":71,"column":null}},"28":{"start":{"line":76,"column":4},"end":{"line":76,"column":null}},"29":{"start":{"line":78,"column":4},"end":{"line":78,"column":null}},"30":{"start":{"line":81,"column":10},"end":{"line":84,"column":null}},"31":{"start":{"line":82,"column":8},"end":{"line":82,"column":null}},"32":{"start":{"line":85,"column":23},"end":{"line":85,"column":null}},"33":{"start":{"line":87,"column":4},"end":{"line":123,"column":null}},"34":{"start":{"line":111,"column":26},"end":{"line":111,"column":null}},"35":{"start":{"line":118,"column":23},"end":{"line":118,"column":null}}},"fnMap":{"0":{"name":"AuthCard","decl":{"start":{"line":29,"column":9},"end":{"line":29,"column":20}},"loc":{"start":{"line":29,"column":20},"end":{"line":126,"column":null}},"line":29},"1":{"name":"(anonymous_1)","decl":{"start":{"line":42,"column":24},"end":{"line":42,"column":31}},"loc":{"start":{"line":42,"column":54},"end":{"line":63,"column":null}},"line":42},"2":{"name":"(anonymous_2)","decl":{"start":{"line":64,"column":27},"end":{"line":64,"column":34}},"loc":{"start":{"line":64,"column":45},"end":{"line":80,"column":null}},"line":64},"3":{"name":"(anonymous_3)","decl":{"start":{"line":81,"column":10},"end":{"line":81,"column":26}},"loc":{"start":{"line":81,"column":39},"end":{"line":84,"column":null}},"line":81},"4":{"name":"(anonymous_4)","decl":{"start":{"line":111,"column":8},"end":{"line":111,"column":26}},"loc":{"start":{"line":111,"column":26},"end":{"line":111,"column":null}},"line":111},"5":{"name":"(anonymous_5)","decl":{"start":{"line":118,"column":8},"end":{"line":118,"column":23}},"loc":{"start":{"line":118,"column":23},"end":{"line":118,"column":null}},"line":118}},"branchMap":{"0":{"loc":{"start":{"line":50,"column":4},"end":{"line":53,"column":null}},"type":"if","locations":[{"start":{"line":50,"column":4},"end":{"line":53,"column":null}},{"start":{},"end":{}}],"line":50},"1":{"loc":{"start":{"line":50,"column":7},"end":{"line":50,"column":58}},"type":"binary-expr","locations":[{"start":{"line":50,"column":7},"end":{"line":50,"column":32}},{"start":{"line":50,"column":32},"end":{"line":50,"column":58}}],"line":50},"2":{"loc":{"start":{"line":108,"column":9},"end":{"line":122,"column":null}},"type":"cond-expr","locations":[{"start":{"line":109,"column":8},"end":{"line":116,"column":9}},{"start":{"line":116,"column":8},"end":{"line":122,"column":null}}],"line":108}},"s":{"0":0,"1":0,"2":0,"3":0,"4":0,"5":0,"6":0,"7":0,"8":0,"9":0,"10":0,"11":0,"12":0,"13":0,"14":0,"15":0,"16":0,"17":0,"18":0,"19":0,"20":0,"21":0,"22":0,"23":0,"24":0,"25":0,"26":0,"27":0,"28":0,"29":0,"30":0,"31":0,"32":0,"33":0,"34":0,"35":0},"f":{"0":0,"1":0,"2":0,"3":0,"4":0,"5":0},"b":{"0":[0,0],"1":[0,0],"2":[0,0]},"meta":{"lastBranch":3,"lastFunction":6,"lastStatement":36,"seen":{"s:10:16:27:Infinity":0,"f:29:9:29:20":0,"s:31:39:31:Infinity":1,"s:33:43:33:Infinity":2,"s:34:26:34:Infinity":3,"s:36:29:36:37":4,"s:38:24:38:Infinity":5,"s:40:21:40:33":6,"s:42:24:63:Infinity":7,"f:42:24:42:31":1,"s:43:7:62:Infinity":8,"s:44:4:44:Infinity":9,"s:46:4:46:Infinity":10,"s:47:4:47:Infinity":11,"s:48:4:48:Infinity":12,"b:50:4:53:Infinity:undefined:undefined:undefined:undefined":0,"s:50:4:53:Infinity":13,"b:50:7:50:32:50:32:50:58":1,"s:51:8:51:Infinity":14,"s:52:8:52:Infinity":15,"s:54:21:54:Infinity":16,"s:55:4:55:Infinity":17,"s:56:4:56:Infinity":18,"s:59:4:59:Infinity":19,"s:61:4:61:Infinity":20,"s:64:27:80:Infinity":21,"f:64:27:64:34":2,"s:65:7:79:Infinity":22,"s:66:4:66:Infinity":23,"s:68:4:68:Infinity":24,"s:69:21:69:Infinity":25,"s:70:4:70:Infinity":26,"s:71:4:71:Infinity":27,"s:76:4:76:Infinity":28,"s:78:4:78:Infinity":29,"s:81:10:84:Infinity":30,"f:81:10:81:26":3,"s:82:8:82:Infinity":31,"s:85:23:85:Infinity":32,"s:87:4:123:Infinity":33,"b:109:8:116:9:116:8:122:Infinity":2,"f:111:8:111:26":4,"s:111:26:111:Infinity":34,"f:118:8:118:23":5,"s:118:23:118:Infinity":35},"fnNames":{}}}
,"E:\\novacreactjsjuly2026\\ecommerce-app\\src\\components\\organisms\\CrudPage\\CrudPage.jsx": {"path":"E:\\novacreactjsjuly2026\\ecommerce-app\\src\\components\\organisms\\CrudPage\\CrudPage.jsx","statementMap":{"0":{"start":{"line":5,"column":4},"end":{"line":12,"column":null}}},"fnMap":{"0":{"name":"CrudPage","decl":{"start":{"line":4,"column":9},"end":{"line":4,"column":20}},"loc":{"start":{"line":4,"column":20},"end":{"line":14,"column":null}},"line":4}},"branchMap":{},"s":{"0":0},"f":{"0":0},"b":{},"meta":{"lastBranch":0,"lastFunction":1,"lastStatement":1,"seen":{"f:4:9:4:20":0,"s:5:4:12:Infinity":0},"fnNames":{}}}
,"E:\\novacreactjsjuly2026\\ecommerce-app\\src\\components\\organisms\\CustomerViewProducts\\CustomerViewProducts.jsx": {"path":"E:\\novacreactjsjuly2026\\ecommerce-app\\src\\components\\organisms\\CustomerViewProducts\\CustomerViewProducts.jsx","statementMap":{"0":{"start":{"line":12,"column":21},"end":{"line":12,"column":33}},"1":{"start":{"line":13,"column":41},"end":{"line":13,"column":null}},"2":{"start":{"line":13,"column":64},"end":{"line":13,"column":78}},"3":{"start":{"line":14,"column":60},"end":{"line":14,"column":null}},"4":{"start":{"line":16,"column":10},"end":{"line":19,"column":null}},"5":{"start":{"line":18,"column":8},"end":{"line":18,"column":null}},"6":{"start":{"line":20,"column":4},"end":{"line":23,"column":null}},"7":{"start":{"line":21,"column":8},"end":{"line":21,"column":null}},"8":{"start":{"line":25,"column":3},"end":{"line":27,"column":null}},"9":{"start":{"line":26,"column":8},"end":{"line":26,"column":null}},"10":{"start":{"line":28,"column":4},"end":{"line":30,"column":null}},"11":{"start":{"line":29,"column":8},"end":{"line":29,"column":null}},"12":{"start":{"line":33,"column":4},"end":{"line":35,"column":null}},"13":{"start":{"line":34,"column":8},"end":{"line":34,"column":null}},"14":{"start":{"line":37,"column":4},"end":{"line":91,"column":null}},"15":{"start":{"line":59,"column":60},"end":{"line":59,"column":76}},"16":{"start":{"line":60,"column":36},"end":{"line":60,"column":null}},"17":{"start":{"line":60,"column":61},"end":{"line":60,"column":90}},"18":{"start":{"line":61,"column":20},"end":{"line":66,"column":null}},"19":{"start":{"line":78,"column":24},"end":{"line":82,"column":null}}},"fnMap":{"0":{"name":"CustomerViewProducts","decl":{"start":{"line":11,"column":9},"end":{"line":11,"column":32}},"loc":{"start":{"line":11,"column":32},"end":{"line":93,"column":null}},"line":11},"1":{"name":"(anonymous_1)","decl":{"start":{"line":13,"column":41},"end":{"line":13,"column":54}},"loc":{"start":{"line":13,"column":64},"end":{"line":13,"column":78}},"line":13},"2":{"name":"(anonymous_2)","decl":{"start":{"line":16,"column":10},"end":{"line":16,"column":32}},"loc":{"start":{"line":16,"column":38},"end":{"line":19,"column":null}},"line":16},"3":{"name":"(anonymous_3)","decl":{"start":{"line":20,"column":4},"end":{"line":20,"column":20}},"loc":{"start":{"line":20,"column":20},"end":{"line":23,"column":7}},"line":20},"4":{"name":"(anonymous_4)","decl":{"start":{"line":59,"column":45},"end":{"line":59,"column":49}},"loc":{"start":{"line":59,"column":60},"end":{"line":59,"column":76}},"line":59},"5":{"name":"(anonymous_5)","decl":{"start":{"line":59,"column":80},"end":{"line":59,"column":85}},"loc":{"start":{"line":59,"column":105},"end":{"line":68,"column":17}},"line":59},"6":{"name":"(anonymous_6)","decl":{"start":{"line":60,"column":45},"end":{"line":60,"column":50}},"loc":{"start":{"line":60,"column":61},"end":{"line":60,"column":90}},"line":60},"7":{"name":"(anonymous_7)","decl":{"start":{"line":76,"column":38},"end":{"line":76,"column":43}},"loc":{"start":{"line":78,"column":24},"end":{"line":82,"column":null}},"line":78}},"branchMap":{"0":{"loc":{"start":{"line":25,"column":3},"end":{"line":27,"column":null}},"type":"if","locations":[{"start":{"line":25,"column":3},"end":{"line":27,"column":null}},{"start":{},"end":{}}],"line":25},"1":{"loc":{"start":{"line":28,"column":4},"end":{"line":30,"column":null}},"type":"if","locations":[{"start":{"line":28,"column":4},"end":{"line":30,"column":null}},{"start":{},"end":{}}],"line":28},"2":{"loc":{"start":{"line":33,"column":4},"end":{"line":35,"column":null}},"type":"if","locations":[{"start":{"line":33,"column":4},"end":{"line":35,"column":null}},{"start":{},"end":{}}],"line":33},"3":{"loc":{"start":{"line":33,"column":8},"end":{"line":33,"column":59}},"type":"binary-expr","locations":[{"start":{"line":33,"column":8},"end":{"line":33,"column":36}},{"start":{"line":33,"column":36},"end":{"line":33,"column":59}}],"line":33}},"s":{"0":0,"1":0,"2":0,"3":0,"4":0,"5":0,"6":0,"7":0,"8":0,"9":0,"10":0,"11":0,"12":0,"13":0,"14":0,"15":0,"16":0,"17":0,"18":0,"19":0},"f":{"0":0,"1":0,"2":0,"3":0,"4":0,"5":0,"6":0,"7":0},"b":{"0":[0,0],"1":[0,0],"2":[0,0],"3":[0,0]},"meta":{"lastBranch":4,"lastFunction":8,"lastStatement":20,"seen":{"f:11:9:11:32":0,"s:12:21:12:33":0,"s:13:41:13:Infinity":1,"f:13:41:13:54":1,"s:13:64:13:78":2,"s:14:60:14:Infinity":3,"s:16:10:19:Infinity":4,"f:16:10:16:32":2,"s:18:8:18:Infinity":5,"s:20:4:23:Infinity":6,"f:20:4:20:20":3,"s:21:8:21:Infinity":7,"b:25:3:27:Infinity:undefined:undefined:undefined:undefined":0,"s:25:3:27:Infinity":8,"s:26:8:26:Infinity":9,"b:28:4:30:Infinity:undefined:undefined:undefined:undefined":1,"s:28:4:30:Infinity":10,"s:29:8:29:Infinity":11,"b:33:4:35:Infinity:undefined:undefined:undefined:undefined":2,"s:33:4:35:Infinity":12,"b:33:8:33:36:33:36:33:59":3,"s:34:8:34:Infinity":13,"s:37:4:91:Infinity":14,"f:59:45:59:49":4,"s:59:60:59:76":15,"f:59:80:59:85":5,"s:60:36:60:Infinity":16,"f:60:45:60:50":6,"s:60:61:60:90":17,"s:61:20:66:Infinity":18,"f:76:38:76:43":7,"s:78:24:82:Infinity":19},"fnNames":{}}}
,"E:\\novacreactjsjuly2026\\ecommerce-app\\src\\components\\organisms\\EditProduct\\EditProduct.jsx": {"path":"E:\\novacreactjsjuly2026\\ecommerce-app\\src\\components\\organisms\\EditProduct\\EditProduct.jsx","statementMap":{"0":{"start":{"line":12,"column":24},"end":{"line":20,"column":null}},"1":{"start":{"line":22,"column":24},"end":{"line":30,"column":null}},"2":{"start":{"line":32,"column":31},"end":{"line":32,"column":null}},"3":{"start":{"line":33,"column":45},"end":{"line":33,"column":null}},"4":{"start":{"line":35,"column":20},"end":{"line":35,"column":32}},"5":{"start":{"line":36,"column":9},"end":{"line":39,"column":null}},"6":{"start":{"line":37,"column":24},"end":{"line":37,"column":null}},"7":{"start":{"line":38,"column":4},"end":{"line":38,"column":null}},"8":{"start":{"line":41,"column":9},"end":{"line":75,"column":null}},"9":{"start":{"line":42,"column":19},"end":{"line":42,"column":null}},"10":{"start":{"line":44,"column":17},"end":{"line":44,"column":null}},"11":{"start":{"line":45,"column":24},"end":{"line":45,"column":null}},"12":{"start":{"line":46,"column":18},"end":{"line":46,"column":null}},"13":{"start":{"line":47,"column":21},"end":{"line":47,"column":null}},"14":{"start":{"line":48,"column":18},"end":{"line":48,"column":null}},"15":{"start":{"line":50,"column":4},"end":{"line":54,"column":null}},"16":{"start":{"line":51,"column":6},"end":{"line":51,"column":null}},"17":{"start":{"line":52,"column":11},"end":{"line":54,"column":null}},"18":{"start":{"line":53,"column":6},"end":{"line":53,"column":null}},"19":{"start":{"line":56,"column":4},"end":{"line":58,"column":null}},"20":{"start":{"line":57,"column":6},"end":{"line":57,"column":null}},"21":{"start":{"line":60,"column":4},"end":{"line":62,"column":null}},"22":{"start":{"line":61,"column":6},"end":{"line":61,"column":null}},"23":{"start":{"line":64,"column":4},"end":{"line":66,"column":null}},"24":{"start":{"line":65,"column":6},"end":{"line":65,"column":null}},"25":{"start":{"line":68,"column":4},"end":{"line":70,"column":null}},"26":{"start":{"line":69,"column":6},"end":{"line":69,"column":null}},"27":{"start":{"line":72,"column":4},"end":{"line":72,"column":null}},"28":{"start":{"line":74,"column":4},"end":{"line":74,"column":null}},"29":{"start":{"line":76,"column":24},"end":{"line":93,"column":null}},"30":{"start":{"line":77,"column":4},"end":{"line":77,"column":null}},"31":{"start":{"line":78,"column":4},"end":{"line":80,"column":null}},"32":{"start":{"line":79,"column":6},"end":{"line":79,"column":null}},"33":{"start":{"line":81,"column":4},"end":{"line":81,"column":null}},"34":{"start":{"line":82,"column":22},"end":{"line":82,"column":null}},"35":{"start":{"line":84,"column":4},"end":{"line":90,"column":null}},"36":{"start":{"line":87,"column":6},"end":{"line":87,"column":null}},"37":{"start":{"line":88,"column":6},"end":{"line":88,"column":null}},"38":{"start":{"line":95,"column":2},"end":{"line":190,"column":null}}},"fnMap":{"0":{"name":"EditProduct","decl":{"start":{"line":10,"column":9},"end":{"line":10,"column":21}},"loc":{"start":{"line":10,"column":40},"end":{"line":195,"column":null}},"line":10},"1":{"name":"(anonymous_1)","decl":{"start":{"line":36,"column":9},"end":{"line":36,"column":25}},"loc":{"start":{"line":36,"column":31},"end":{"line":39,"column":null}},"line":36},"2":{"name":"(anonymous_2)","decl":{"start":{"line":41,"column":9},"end":{"line":41,"column":30}},"loc":{"start":{"line":41,"column":30},"end":{"line":75,"column":null}},"line":41},"3":{"name":"(anonymous_3)","decl":{"start":{"line":76,"column":24},"end":{"line":76,"column":31}},"loc":{"start":{"line":76,"column":37},"end":{"line":93,"column":null}},"line":76}},"branchMap":{"0":{"loc":{"start":{"line":13,"column":8},"end":{"line":13,"column":null}},"type":"binary-expr","locations":[{"start":{"line":13,"column":8},"end":{"line":13,"column":22}},{"start":{"line":13,"column":22},"end":{"line":13,"column":36}},{"start":{"line":13,"column":36},"end":{"line":13,"column":null}}],"line":13},"1":{"loc":{"start":{"line":14,"column":15},"end":{"line":14,"column":null}},"type":"binary-expr","locations":[{"start":{"line":14,"column":15},"end":{"line":14,"column":37}},{"start":{"line":14,"column":37},"end":{"line":14,"column":null}}],"line":14},"2":{"loc":{"start":{"line":15,"column":10},"end":{"line":15,"column":null}},"type":"binary-expr","locations":[{"start":{"line":15,"column":10},"end":{"line":15,"column":27}},{"start":{"line":15,"column":27},"end":{"line":15,"column":null}}],"line":15},"3":{"loc":{"start":{"line":16,"column":17},"end":{"line":16,"column":null}},"type":"binary-expr","locations":[{"start":{"line":16,"column":17},"end":{"line":16,"column":41}},{"start":{"line":16,"column":41},"end":{"line":16,"column":null}}],"line":16},"4":{"loc":{"start":{"line":17,"column":11},"end":{"line":17,"column":null}},"type":"binary-expr","locations":[{"start":{"line":17,"column":11},"end":{"line":17,"column":29}},{"start":{"line":17,"column":29},"end":{"line":17,"column":null}}],"line":17},"5":{"loc":{"start":{"line":18,"column":14},"end":{"line":18,"column":null}},"type":"binary-expr","locations":[{"start":{"line":18,"column":14},"end":{"line":18,"column":35}},{"start":{"line":18,"column":35},"end":{"line":18,"column":null}}],"line":18},"6":{"loc":{"start":{"line":19,"column":11},"end":{"line":19,"column":null}},"type":"binary-expr","locations":[{"start":{"line":19,"column":11},"end":{"line":19,"column":29}},{"start":{"line":19,"column":29},"end":{"line":19,"column":null}}],"line":19},"7":{"loc":{"start":{"line":50,"column":4},"end":{"line":54,"column":null}},"type":"if","locations":[{"start":{"line":50,"column":4},"end":{"line":54,"column":null}},{"start":{"line":52,"column":11},"end":{"line":54,"column":null}}],"line":50},"8":{"loc":{"start":{"line":52,"column":11},"end":{"line":54,"column":null}},"type":"if","locations":[{"start":{"line":52,"column":11},"end":{"line":54,"column":null}},{"start":{},"end":{}}],"line":52},"9":{"loc":{"start":{"line":56,"column":4},"end":{"line":58,"column":null}},"type":"if","locations":[{"start":{"line":56,"column":4},"end":{"line":58,"column":null}},{"start":{},"end":{}}],"line":56},"10":{"loc":{"start":{"line":60,"column":4},"end":{"line":62,"column":null}},"type":"if","locations":[{"start":{"line":60,"column":4},"end":{"line":62,"column":null}},{"start":{},"end":{}}],"line":60},"11":{"loc":{"start":{"line":64,"column":4},"end":{"line":66,"column":null}},"type":"if","locations":[{"start":{"line":64,"column":4},"end":{"line":66,"column":null}},{"start":{},"end":{}}],"line":64},"12":{"loc":{"start":{"line":68,"column":4},"end":{"line":70,"column":null}},"type":"if","locations":[{"start":{"line":68,"column":4},"end":{"line":70,"column":null}},{"start":{},"end":{}}],"line":68},"13":{"loc":{"start":{"line":78,"column":4},"end":{"line":80,"column":null}},"type":"if","locations":[{"start":{"line":78,"column":4},"end":{"line":80,"column":null}},{"start":{},"end":{}}],"line":78},"14":{"loc":{"start":{"line":84,"column":4},"end":{"line":90,"column":null}},"type":"if","locations":[{"start":{"line":84,"column":4},"end":{"line":90,"column":null}},{"start":{},"end":{}}],"line":84},"15":{"loc":{"start":{"line":106,"column":10},"end":{"line":111,"column":null}},"type":"binary-expr","locations":[{"start":{"line":106,"column":10},"end":{"line":106,"column":null}},{"start":{"line":107,"column":8},"end":{"line":111,"column":null}}],"line":106},"16":{"loc":{"start":{"line":139,"column":14},"end":{"line":139,"column":null}},"type":"cond-expr","locations":[{"start":{"line":139,"column":30},"end":{"line":139,"column":33}},{"start":{"line":139,"column":33},"end":{"line":139,"column":null}}],"line":139},"17":{"loc":{"start":{"line":159,"column":14},"end":{"line":159,"column":null}},"type":"cond-expr","locations":[{"start":{"line":159,"column":30},"end":{"line":159,"column":33}},{"start":{"line":159,"column":33},"end":{"line":159,"column":null}}],"line":159}},"s":{"0":0,"1":0,"2":0,"3":0,"4":0,"5":0,"6":0,"7":0,"8":0,"9":0,"10":0,"11":0,"12":0,"13":0,"14":0,"15":0,"16":0,"17":0,"18":0,"19":0,"20":0,"21":0,"22":0,"23":0,"24":0,"25":0,"26":0,"27":0,"28":0,"29":0,"30":0,"31":0,"32":0,"33":0,"34":0,"35":0,"36":0,"37":0,"38":0},"f":{"0":0,"1":0,"2":0,"3":0},"b":{"0":[0,0,0],"1":[0,0],"2":[0,0],"3":[0,0],"4":[0,0],"5":[0,0],"6":[0,0],"7":[0,0],"8":[0,0],"9":[0,0],"10":[0,0],"11":[0,0],"12":[0,0],"13":[0,0],"14":[0,0],"15":[0,0],"16":[0,0],"17":[0,0]},"meta":{"lastBranch":18,"lastFunction":4,"lastStatement":39,"seen":{"f:10:9:10:21":0,"s:12:24:20:Infinity":0,"b:13:8:13:22:13:22:13:36:13:36:13:Infinity":0,"b:14:15:14:37:14:37:14:Infinity":1,"b:15:10:15:27:15:27:15:Infinity":2,"b:16:17:16:41:16:41:16:Infinity":3,"b:17:11:17:29:17:29:17:Infinity":4,"b:18:14:18:35:18:35:18:Infinity":5,"b:19:11:19:29:19:29:19:Infinity":6,"s:22:24:30:Infinity":1,"s:32:31:32:Infinity":2,"s:33:45:33:Infinity":3,"s:35:20:35:32":4,"s:36:9:39:Infinity":5,"f:36:9:36:25":1,"s:37:24:37:Infinity":6,"s:38:4:38:Infinity":7,"s:41:9:75:Infinity":8,"f:41:9:41:30":2,"s:42:19:42:Infinity":9,"s:44:17:44:Infinity":10,"s:45:24:45:Infinity":11,"s:46:18:46:Infinity":12,"s:47:21:47:Infinity":13,"s:48:18:48:Infinity":14,"b:50:4:54:Infinity:52:11:54:Infinity":7,"s:50:4:54:Infinity":15,"s:51:6:51:Infinity":16,"b:52:11:54:Infinity:undefined:undefined:undefined:undefined":8,"s:52:11:54:Infinity":17,"s:53:6:53:Infinity":18,"b:56:4:58:Infinity:undefined:undefined:undefined:undefined":9,"s:56:4:58:Infinity":19,"s:57:6:57:Infinity":20,"b:60:4:62:Infinity:undefined:undefined:undefined:undefined":10,"s:60:4:62:Infinity":21,"s:61:6:61:Infinity":22,"b:64:4:66:Infinity:undefined:undefined:undefined:undefined":11,"s:64:4:66:Infinity":23,"s:65:6:65:Infinity":24,"b:68:4:70:Infinity:undefined:undefined:undefined:undefined":12,"s:68:4:70:Infinity":25,"s:69:6:69:Infinity":26,"s:72:4:72:Infinity":27,"s:74:4:74:Infinity":28,"s:76:24:93:Infinity":29,"f:76:24:76:31":3,"s:77:4:77:Infinity":30,"b:78:4:80:Infinity:undefined:undefined:undefined:undefined":13,"s:78:4:80:Infinity":31,"s:79:6:79:Infinity":32,"s:81:4:81:Infinity":33,"s:82:22:82:Infinity":34,"b:84:4:90:Infinity:undefined:undefined:undefined:undefined":14,"s:84:4:90:Infinity":35,"s:87:6:87:Infinity":36,"s:88:6:88:Infinity":37,"s:95:2:190:Infinity":38,"b:106:10:106:Infinity:107:8:111:Infinity":15,"b:139:30:139:33:139:33:139:Infinity":16,"b:159:30:159:33:159:33:159:Infinity":17},"fnNames":{}}}
,"E:\\novacreactjsjuly2026\\ecommerce-app\\src\\components\\organisms\\LoginForm\\Login.jsx": {"path":"E:\\novacreactjsjuly2026\\ecommerce-app\\src\\components\\organisms\\LoginForm\\Login.jsx","statementMap":{"0":{"start":{"line":9,"column":24},"end":{"line":12,"column":null}},"1":{"start":{"line":14,"column":31},"end":{"line":14,"column":null}},"2":{"start":{"line":15,"column":38},"end":{"line":15,"column":null}},"3":{"start":{"line":17,"column":9},"end":{"line":20,"column":null}},"4":{"start":{"line":18,"column":24},"end":{"line":18,"column":null}},"5":{"start":{"line":19,"column":4},"end":{"line":19,"column":null}},"6":{"start":{"line":22,"column":9},"end":{"line":25,"column":null}},"7":{"start":{"line":23,"column":4},"end":{"line":23,"column":null}},"8":{"start":{"line":24,"column":4},"end":{"line":24,"column":null}},"9":{"start":{"line":27,"column":2},"end":{"line":111,"column":null}},"10":{"start":{"line":80,"column":27},"end":{"line":80,"column":55}}},"fnMap":{"0":{"name":"Login","decl":{"start":{"line":7,"column":9},"end":{"line":7,"column":15}},"loc":{"start":{"line":7,"column":50},"end":{"line":117,"column":null}},"line":7},"1":{"name":"(anonymous_1)","decl":{"start":{"line":17,"column":9},"end":{"line":17,"column":25}},"loc":{"start":{"line":17,"column":31},"end":{"line":20,"column":null}},"line":17},"2":{"name":"(anonymous_2)","decl":{"start":{"line":22,"column":9},"end":{"line":22,"column":25}},"loc":{"start":{"line":22,"column":31},"end":{"line":25,"column":null}},"line":22},"3":{"name":"(anonymous_3)","decl":{"start":{"line":80,"column":11},"end":{"line":80,"column":27}},"loc":{"start":{"line":80,"column":27},"end":{"line":80,"column":55}},"line":80}},"branchMap":{"0":{"loc":{"start":{"line":72,"column":9},"end":{"line":72,"column":null}},"type":"cond-expr","locations":[{"start":{"line":72,"column":24},"end":{"line":72,"column":42}},{"start":{"line":72,"column":42},"end":{"line":72,"column":null}}],"line":72}},"s":{"0":0,"1":0,"2":0,"3":0,"4":0,"5":0,"6":0,"7":0,"8":0,"9":0,"10":0},"f":{"0":0,"1":0,"2":0,"3":0},"b":{"0":[0,0]},"meta":{"lastBranch":1,"lastFunction":4,"lastStatement":11,"seen":{"f:7:9:7:15":0,"s:9:24:12:Infinity":0,"s:14:31:14:Infinity":1,"s:15:38:15:Infinity":2,"s:17:9:20:Infinity":3,"f:17:9:17:25":1,"s:18:24:18:Infinity":4,"s:19:4:19:Infinity":5,"s:22:9:25:Infinity":6,"f:22:9:22:25":2,"s:23:4:23:Infinity":7,"s:24:4:24:Infinity":8,"s:27:2:111:Infinity":9,"b:72:24:72:42:72:42:72:Infinity":0,"f:80:11:80:27":3,"s:80:27:80:55":10},"fnNames":{}}}
,"E:\\novacreactjsjuly2026\\ecommerce-app\\src\\components\\organisms\\MainContent\\MainContent.jsx": {"path":"E:\\novacreactjsjuly2026\\ecommerce-app\\src\\components\\organisms\\MainContent\\MainContent.jsx","statementMap":{"0":{"start":{"line":3,"column":4},"end":{"line":3,"column":null}}},"fnMap":{"0":{"name":"MainContent","decl":{"start":{"line":1,"column":9},"end":{"line":1,"column":21}},"loc":{"start":{"line":1,"column":35},"end":{"line":4,"column":null}},"line":1}},"branchMap":{},"s":{"0":0},"f":{"0":0},"b":{},"meta":{"lastBranch":0,"lastFunction":1,"lastStatement":1,"seen":{"f:1:9:1:21":0,"s:3:4:3:Infinity":0},"fnNames":{}}}
,"E:\\novacreactjsjuly2026\\ecommerce-app\\src\\components\\organisms\\ProductCarousel\\ProductCarousel.jsx": {"path":"E:\\novacreactjsjuly2026\\ecommerce-app\\src\\components\\organisms\\ProductCarousel\\ProductCarousel.jsx","statementMap":{"0":{"start":{"line":11,"column":2},"end":{"line":47,"column":null}},"1":{"start":{"line":28,"column":10},"end":{"line":44,"column":null}}},"fnMap":{"0":{"name":"ProductCarousel","decl":{"start":{"line":10,"column":9},"end":{"line":10,"column":27}},"loc":{"start":{"line":10,"column":27},"end":{"line":49,"column":null}},"line":10},"1":{"name":"(anonymous_1)","decl":{"start":{"line":27,"column":22},"end":{"line":27,"column":27}},"loc":{"start":{"line":28,"column":10},"end":{"line":44,"column":null}},"line":28}},"branchMap":{},"s":{"0":0,"1":0},"f":{"0":0,"1":0},"b":{},"meta":{"lastBranch":0,"lastFunction":2,"lastStatement":2,"seen":{"f:10:9:10:27":0,"s:11:2:47:Infinity":0,"f:27:22:27:27":1,"s:28:10:44:Infinity":1},"fnNames":{}}}
,"E:\\novacreactjsjuly2026\\ecommerce-app\\src\\components\\organisms\\RegistrationForm\\Registration.jsx": {"path":"E:\\novacreactjsjuly2026\\ecommerce-app\\src\\components\\organisms\\RegistrationForm\\Registration.jsx","statementMap":{"0":{"start":{"line":7,"column":24},"end":{"line":12,"column":null}},"1":{"start":{"line":14,"column":31},"end":{"line":14,"column":null}},"2":{"start":{"line":15,"column":45},"end":{"line":15,"column":null}},"3":{"start":{"line":16,"column":9},"end":{"line":19,"column":null}},"4":{"start":{"line":17,"column":24},"end":{"line":17,"column":null}},"5":{"start":{"line":18,"column":4},"end":{"line":18,"column":null}},"6":{"start":{"line":21,"column":9},"end":{"line":68,"column":null}},"7":{"start":{"line":22,"column":19},"end":{"line":22,"column":null}},"8":{"start":{"line":24,"column":17},"end":{"line":24,"column":null}},"9":{"start":{"line":25,"column":18},"end":{"line":25,"column":null}},"10":{"start":{"line":26,"column":21},"end":{"line":26,"column":null}},"11":{"start":{"line":27,"column":28},"end":{"line":27,"column":null}},"12":{"start":{"line":29,"column":4},"end":{"line":33,"column":null}},"13":{"start":{"line":30,"column":6},"end":{"line":30,"column":null}},"14":{"start":{"line":31,"column":11},"end":{"line":33,"column":null}},"15":{"start":{"line":32,"column":6},"end":{"line":32,"column":null}},"16":{"start":{"line":35,"column":4},"end":{"line":39,"column":null}},"17":{"start":{"line":36,"column":6},"end":{"line":36,"column":null}},"18":{"start":{"line":37,"column":11},"end":{"line":39,"column":null}},"19":{"start":{"line":38,"column":6},"end":{"line":38,"column":null}},"20":{"start":{"line":41,"column":4},"end":{"line":55,"column":null}},"21":{"start":{"line":42,"column":6},"end":{"line":42,"column":null}},"22":{"start":{"line":43,"column":11},"end":{"line":55,"column":null}},"23":{"start":{"line":44,"column":6},"end":{"line":45,"column":null}},"24":{"start":{"line":46,"column":11},"end":{"line":55,"column":null}},"25":{"start":{"line":47,"column":6},"end":{"line":48,"column":null}},"26":{"start":{"line":49,"column":11},"end":{"line":55,"column":null}},"27":{"start":{"line":50,"column":6},"end":{"line":51,"column":null}},"28":{"start":{"line":52,"column":11},"end":{"line":55,"column":null}},"29":{"start":{"line":53,"column":6},"end":{"line":54,"column":null}},"30":{"start":{"line":57,"column":4},"end":{"line":63,"column":null}},"31":{"start":{"line":58,"column":6},"end":{"line":59,"column":null}},"32":{"start":{"line":60,"column":11},"end":{"line":63,"column":null}},"33":{"start":{"line":61,"column":6},"end":{"line":62,"column":null}},"34":{"start":{"line":65,"column":4},"end":{"line":65,"column":null}},"35":{"start":{"line":67,"column":4},"end":{"line":67,"column":null}},"36":{"start":{"line":69,"column":9},"end":{"line":76,"column":null}},"37":{"start":{"line":70,"column":4},"end":{"line":70,"column":null}},"38":{"start":{"line":71,"column":4},"end":{"line":73,"column":null}},"39":{"start":{"line":72,"column":6},"end":{"line":72,"column":null}},"40":{"start":{"line":74,"column":4},"end":{"line":74,"column":null}},"41":{"start":{"line":75,"column":4},"end":{"line":75,"column":null}},"42":{"start":{"line":78,"column":2},"end":{"line":156,"column":null}}},"fnMap":{"0":{"name":"Registration","decl":{"start":{"line":5,"column":9},"end":{"line":5,"column":22}},"loc":{"start":{"line":5,"column":57},"end":{"line":161,"column":null}},"line":5},"1":{"name":"(anonymous_1)","decl":{"start":{"line":16,"column":9},"end":{"line":16,"column":25}},"loc":{"start":{"line":16,"column":31},"end":{"line":19,"column":null}},"line":16},"2":{"name":"(anonymous_2)","decl":{"start":{"line":21,"column":9},"end":{"line":21,"column":30}},"loc":{"start":{"line":21,"column":30},"end":{"line":68,"column":null}},"line":21},"3":{"name":"(anonymous_3)","decl":{"start":{"line":69,"column":9},"end":{"line":69,"column":25}},"loc":{"start":{"line":69,"column":31},"end":{"line":76,"column":null}},"line":69}},"branchMap":{"0":{"loc":{"start":{"line":29,"column":4},"end":{"line":33,"column":null}},"type":"if","locations":[{"s
[...]
,"E:\\novacreactjsjuly2026\\ecommerce-app\\src\\redux\\store.js": {"path":"E:\\novacreactjsjuly2026\\ecommerce-app\\src\\redux\\store.js","statementMap":{"0":{"start":{"line":4,"column":14},"end":{"line":8,"column":null}}},"fnMap":{},"branchMap":{},"s":{"0":0},"f":{},"b":{},"meta":{"lastBranch":0,"lastFunction":0,"lastStatement":1,"seen":{"s:4:14:8:Infinity":0},"fnNames":{}}}
,"E:\\novacreactjsjuly2026\\ecommerce-app\\src\\redux\\features\\products\\productSlicer.js": {"path":"E:\\novacreactjsjuly2026\\ecommerce-app\\src\\redux\\features\\products\\productSlicer.js","statementMap":{"0":{"start":{"line":5,"column":27},"end":{"line":19,"column":null}},"1":{"start":{"line":12,"column":8},"end":{"line":17,"column":null}},"2":{"start":{"line":13,"column":29},"end":{"line":13,"column":null}},"3":{"start":{"line":14,"column":12},"end":{"line":14,"column":null}},"4":{"start":{"line":16,"column":12},"end":{"line":16,"column":null}},"5":{"start":{"line":21,"column":27},"end":{"line":31,"column":null}},"6":{"start":{"line":24,"column":8},"end":{"line":29,"column":null}},"7":{"start":{"line":25,"column":29},"end":{"line":25,"column":47}},"8":{"start":{"line":26,"column":12},"end":{"line":26,"column":null}},"9":{"start":{"line":28,"column":12},"end":{"line":28,"column":null}},"10":{"start":{"line":33,"column":25},"end":{"line":44,"column":null}},"11":{"start":{"line":36,"column":8},"end":{"line":42,"column":null}},"12":{"start":{"line":37,"column":29},"end":{"line":37,"column":null}},"13":{"start":{"line":38,"column":12},"end":{"line":38,"column":null}},"14":{"start":{"line":41,"column":12},"end":{"line":41,"column":null}},"15":{"start":{"line":46,"column":32},"end":{"line":57,"column":null}},"16":{"start":{"line":49,"column":8},"end":{"line":55,"column":null}},"17":{"start":{"line":50,"column":29},"end":{"line":50,"column":null}},"18":{"start":{"line":51,"column":12},"end":{"line":51,"column":null}},"19":{"start":{"line":54,"column":12},"end":{"line":54,"column":null}},"20":{"start":{"line":59,"column":20},"end":{"line":64,"column":null}},"21":{"start":{"line":68,"column":20},"end":{"line":169,"column":null}},"22":{"start":{"line":73,"column":12},"end":{"line":73,"column":null}},"23":{"start":{"line":74,"column":12},"end":{"line":74,"column":null}},"24":{"start":{"line":75,"column":12},"end":{"line":75,"column":null}},"25":{"start":{"line":79,"column":8},"end":{"line":83,"column":null}},"26":{"start":{"line":80,"column":12},"end":{"line":80,"column":null}},"27":{"start":{"line":81,"column":12},"end":{"line":81,"column":null}},"28":{"start":{"line":82,"column":12},"end":{"line":82,"column":null}},"29":{"start":{"line":84,"column":8},"end":{"line":88,"column":null}},"30":{"start":{"line":85,"column":12},"end":{"line":85,"column":null}},"31":{"start":{"line":86,"column":12},"end":{"line":86,"column":null}},"32":{"start":{"line":87,"column":12},"end":{"line":87,"column":null}},"33":{"start":{"line":89,"column":8},"end":{"line":92,"column":null}},"34":{"start":{"line":90,"column":12},"end":{"line":90,"column":null}},"35":{"start":{"line":91,"column":12},"end":{"line":91,"column":null}},"36":{"start":{"line":93,"column":8},"end":{"line":96,"column":null}},"37":{"start":{"line":94,"column":12},"end":{"line":94,"column":null}},"38":{"start":{"line":95,"column":12},"end":{"line":95,"column":null}},"39":{"start":{"line":97,"column":8},"end":{"line":101,"column":null}},"40":{"start":{"line":98,"column":12},"end":{"line":98,"column":null}},"41":{"start":{"line":99,"column":12},"end":{"line":99,"column":null}},"42":{"start":{"line":102,"column":8},"end":{"line":105,"column":null}},"43":{"start":{"line":103,"column":12},"end":{"line":103,"column":null}},"44":{"start":{"line":104,"column":12},"end":{"line":104,"column":null}},"45":{"start":{"line":106,"column":8},"end":{"line":110,"column":null}},"46":{"start":{"line":107,"column":12},"end":{"line":107,"column":null}},"47":{"start":{"line":108,"column":12},"end":{"line":108,"column":null}},"48":{"start":{"line":109,"column":12},"end":{"line":109,"column":null}},"49":{"start":{"line":111,"column":8},"end":{"line":132,"column":null}},"50":{"start":{"line":112,"column":8},"end":{"line":112,"column":null}},"51":{"start":{"line":115,"column":12},"end":{"line":117,"column":null}},"52":{"start":{"line":119,"column":22},"end":{"line":122,"column":null}},"53":{"start":{"line":121,"column":12},"end":{"line":121,"column":null}},"54":{"start":{"line":124,"column":8},"end":{"line":129,"column":null}},"55":{"start":{"line":125,"column":12},"end":{"line":128,"column":null}},"56":{"start":{"line":131,"column":8},"end":{"line":131,"column":null}},"57":{"start":{"line":133,"column":8},"end":{"line":137,"column":null}},"58":{"start":{"line":134,"column":12},"end":{"line":134,"column":null}},"59":{"start":{"line":135,"column":12},"end":{"line":135,"column":null}},"60":{"start":{"line":138,"column":8},"end":{"line":143,"column":null}},"61":{"start":{"line":139,"column":12},"end":{"line":139,"column":null}},"62":{"start":{"line":140,"column":12},"end":{"line":140,"column":null}},"63":{"start":{"line":141,"column":12},"end":{"line":141,"column":null}},"64":{"start":{"line":144,"column":8},"end":{"line":160,"column":null}},"65":{"start":{"line":145,"column":8},"end":{"line":145,"column":null}},"66":{"start":{"line":148,"column":12},"end":{"line":151,"column":null}},"67":{"start":{"line":153,"column":8},"end":{"line":157,"column":null}},"68":{"start":{"line":155,"column":16},"end":{"line":156,"column":null}},"69":{"start":{"line":159,"column":8},"end":{"line":159,"column":null}},"70":{"start":{"line":161,"column":8},"end":{"line":165,"column":null}},"71":{"start":{"line":162,"column":12},"end":{"line":162,"column":null}},"72":{"start":{"line":163,"column":12},"end":{"line":163,"column":null}},"73":{"start":{"line":171,"column":30},"end":{"line":171,"column":null}}},"fnMap":{"0":{"name":"(anonymous_0)","decl":{"start":{"line":11,"column":4},"end":{"line":11,"column":11}},"loc":{"start":{"line":11,"column":37},"end":{"line":18,"column":null}},"line":11},"1":{"name":"(anonymous_1)","decl":{"start":{"line":23,"column":4},"end":{"line":23,"column":11}},"loc":{"start":{"line":23,"column":27},"end":{"line":30,"column":null}},"line":23},"2":{"name":"(anonymous_2)","decl":{"start":{"line":35,"column":4},"end":{"line":35,"column":11}},"loc":{"start":{"line":35,"column":41},"end":{"line":43,"column":null}},"line":35},"3":{"name":"(anonymous_3)","decl":{"start":{"line":48,"column":4},"end":{"line":48,"column":11}},"loc":{"start":{"line":48,"column":35},"end":{"line":56,"column":null}},"line":48},"4":{"name":"(anonymous_4)","decl":{"start":{"line":72,"column":8},"end":{"line":72,"column":21}},"loc":{"start":{"line":72,"column":31},"end":{"line":76,"column":null}},"line":72},"5":{"name":"(anonymous_5)","decl":{"start":{"line":78,"column":4},"end":{"line":78,"column":20}},"loc":{"start":{"line":78,"column":32},"end":{"line":167,"column":null}},"line":78},"6":{"name":"(anonymous_6)","decl":{"start":{"line":79,"column":38},"end":{"line":79,"column":48}},"loc":{"start":{"line":79,"column":58},"end":{"line":83,"column":9}},"line":79},"7":{"name":"(anonymous_7)","decl":{"start":{"line":84,"column":38},"end":{"line":84,"column":50}},"loc":{"start":{"line":84,"column":68},"end":{"line":88,"column":9}},"line":84},"8":{"name":"(anonymous_8)","decl":{"start":{"line":89,"column":38},"end":{"line":89,"column":49}},"loc":{"start":{"line":89,"column":67},"end":{"line":92,"column":9}},"line":89},"9":{"name":"(anonymous_9)","decl":{"start":{"line":93,"column":38},"end":{"line":93,"column":48}},"loc":{"start":{"line":93,"column":58},"end":{"line":96,"column":9}},"line":93},"10":{"name":"(anonymous_10)","decl":{"start":{"line":97,"column":38},"end":{"line":97,"column":50}},"loc":{"start":{"line":97,"column":68},"end":{"line":101,"column":9}},"line":97},"11":{"name":"(anonymous_11)","decl":{"start":{"line":102,"column":38},"end":{"line":102,"column":49}},"loc":{"start":{"line":102,"column":67},"end":{"line":105,"column":9}},"line":102},"12":{"name":"(anonymous_12)","decl":{"start":{"line":106,"column":36},"end":{"line":106,"column":46}},"loc":{"start":{"line":106,"column":56},"end":{"line":110,"column":9}},"line":106},"13":{"name":"(anonymous_13)","decl":{"start":{"line":111,"column":36},"end":{"line":111,"column":48}},"loc":{"start":{"line":111,"column":66},"end":{"line":132,"column":9}},"line":111},"14":{"name":"(anonymous_14)","decl":{"start":{"line":119,"column":37},"end":{"line":119,"column":null}},"loc":{"start":{"line":121,"column":12},"end":{"line":121,"column":null}},"line":121},"15":{"name":"(anonymous_15)","decl":{"start":{"line":133,"column":36},"end":{"line":133,"column":47}},"loc":{"start":{"line":133,"column":65},"end":{"line":136,"column":null}},"line":133},"16":{"name":"(anonymous_16)","decl":{"start":{"line":138,"column":43},"end":{"line":138,"column":53}},"loc":{"start":{"line":138,"column":63},"end":{"line":142,"column":null}},"line":138},"17":{"name":"(anonymous_17)","decl":{"start":{"line":144,"column":43},"end":{"line":144,"column":55}},"loc":{"start":{"line":144,"column":73},"end":{"line":160,"column":5}},"line":144},"18":{"name":"(anonymous_18)","decl":{"start":{"line":153,"column":40},"end":{"line":153,"column":null}},"loc":{"start":{"line":155,"column":16},"end":{"line":156,"column":null}},"line":155},"19":{"name":"(anonymous_19)","decl":{"start":{"line":161,"column":43},"end":{"line":161,"column":54}},"loc":{"start":{"line":161,"column":72},"end":{"line":164,"column":null}},"line":161}},"branchMap":{"0":{"loc":{"start":{"line":115,"column":12},"end":{"line":117,"column":null}},"type":"binary-expr","locations":[{"start":{"line":115,"column":12},"end":{"line":115,"column":null}},{"start":{"line":116,"column":12},"end":{"line":116,"column":null}},{"start":{"line":117,"column":12},"end":{"line":117,"column":null}}],"line":115},"1":{"loc":{"start":{"line":124,"column":8},"end":{"line":129,"column":null}},"type":"if","locations":[{"start":{"line":124,"column":8},"end":{"line":129,"column":null}},{"start":{},"end":{}}],"line":124},"2":{"loc":{"start":{"line":148,"column":12},"end":{"line":151,"column":null}},"type":"binary-expr","locations":[{"start":{"line":148,"column":12},"end":{"line":148,"column":null}},{"start":{"line":149,"column":12},"end":{"line":149,"column":null}},{"start":{"line":150,"column":12},"end":{"line":150,"column":null}},{"start":{"line":151,"column":12},"end":{"line":151,"column":null}}],"line":148},"3":{"loc":{"start":{"line":155,"column":23},"end":{"line":155,"column":54}},"type":"binary-expr","locations":[{"start":{"line":155,"column":23},"end":{"line":155,"column":44}},{"start":{"line":155,"column":44},"end":{"line":155,"column":54}}],"line":155}},"s":{"0":0,"1":0,"2":0,"3":0,"4":0,"5":0,"6":0,"7":0,"8":0,"9":0,"10":0,"11":0,"12":0,"13":0,"14":0,"15":0,"16":0,"17":0,"18":0,"19":0,"20":0,"21":0,"22":0,"23":0,"24":0,"25":0,"26":0,"27":0,"28":0,"29":0,"30":0,"31":0,"32":0,"33":0,"34":0,"35":0,"36":0,"37":0,"38":0,"39":0,"40":0,"41":0,"42":0,"43":0,"44":0,"45":0,"46":0,"47":0,"48":0,"49":0,"50":0,"51":0,"52":0,"53":0,"54":0,"55":0,"56":0,"57":0,"58":0,"59":0,"60":0,"61":0,"62":0,"63":0,"64":0,"65":0,"66":0,"67":0,"68":0,"69":0,"70":0,"71":0,"72":0,"73":0},"f":{"0":0,"1":0,"2":0,"3":0,"4":0,"5":0,"6":0,"7":0,"8":0,"9":0,"10":0,"11":0,"12":0,"13":0,"14":0,"15":0,"16":0,"17":0,"18":0,"19":0},"b":{"0":[0,0,0],"1":[0,0],"2":[0,0,0,0],"3":[0,0]},"meta":{"lastBranch":4,"lastFunction":20,"lastStatement":74,"seen":{"s:5:27:19:Infinity":0,"f:11:4:11:11":0,"s:12:8:17:Infinity":1,"s:13:29:13:Infinity":2,"s:14:12:14:Infinity":3,"s:16:12:16:Infinity":4,"s:21:27:31:Infinity":5,"f:23:4:23:11":1,"s:24:8:29:Infinity":6,"s:25:29:25:47":7,"s:26:12:26:Infinity":8,"s:28:12:28:Infinity":9,"s:33:25:44:Infinity":10,"f:35:4:35:11":2,"s:36:8:42:Infinity":11,"s:37:29:37:Infinity":12,"s:38:12:38:Infinity":13,"s:41:12:41:Infinity":14,"s:46:32:57:Infinity":15,"f:48:4:48:11":3,"s:49:8:55:Infinity":16,"s:50:29:50:Infinity":17,"s:51:12:51:Infinity":18,"s:54:12:54:Infinity":19,"s:59:20:64:Infinity":20,"s:68:20:169:Infinity":21,"f:72:8:72:21":4,"s:73:12:73:Infinity":22,"s:74:12:74:Infinity":23,"s:75:12:75:Infinity":24,"f:78:4:78:20":5,"s:79:8:83:Infinity":25,"f:79:38:79:48":6,"s:80:12:80:Infinity":26,"s:81:12:81:Infinity":27,"s:82:12:82:Infinity":28,"s:84:8:88:Infinity":29,"f:84:38:84:50":7,"s:85:12:85:Infinity":30,"s:86:12:86:Infinity":31,"s:87:12:87:Infinity":32,"s:89:8:92:Infinity":33,"f:89:38:89:49":8,"s:90:12:90:Infinity":34,"s:91:12:91:Infinity":35,"s:93:8:96:Infinity":36,"f:93:38:93:48":9,"s:94:12:94:Infinity":37,"s:95:12:95:Infinity":38,"s:97:8:101:Infinity":39,"f:97:38:97:50":10,"s:98:12:98:Infinity":40,"s:99:12:99:Infinity":41,"s:102:8:105:Infinity":42,"f:102:38:102:49":11,"s:103:12:103:Infinity":43,"s:104:12:104:Infinity":44,"s:106:8:110:Infinity":45,"f:106:36:106:46":12,"s:107:12:107:Infinity":46,"s:108:12:108:Infinity":47,"s:109:12:109:Infinity":48,"s:111:8:132:Infinity":49,"f:111:36:111:48":13,"s:112:8:112:Infinity":50,"s:115:12:117:Infinity":51,"b:115:12:115:Infinity:116:12:116:Infinity:117:12:117:Infinity":0,"s:119:22:122:Infinity":52,"f:119:37:119:Infinity":14,"s:121:12:121:Infinity":53,"b:124:8:129:Infinity:undefined:undefined:undefined:undefined":1,"s:124:8:129:Infinity":54,"s:125:12:128:Infinity":55,"s:131:8:131:Infinity":56,"s:133:8:137:Infinity":57,"f:133:36:133:47":15,"s:134:12:134:Infinity":58,"s:135:12:135:Infinity":59,"s:138:8:143:Infinity":60,"f:138:43:138:53":16,"s:139:12:139:Infinity":61,"s:140:12:140:Infinity":62,"s:141:12:141:Infinity":63,"s:144:8:160:Infinity":64,"f:144:43:144:55":17,"s:145:8:145:Infinity":65,"s:148:12:151:Infinity":66,"b:148:12:148:Infinity:149:12:149:Infinity:150:12:150:Infinity:151:12:151:Infinity":2,"s:153:8:157:Infinity":67,"f:153:40:153:Infinity":18,"s:155:16:156:Infinity":68,"b:155:23:155:44:155:44:155:54":3,"s:159:8:159:Infinity":69,"s:161:8:165:Infinity":70,"f:161:43:161:54":19,"s:162:12:162:Infinity":71,"s:163:12:163:Infinity":72,"s:171:30:171:Infinity":73},"fnNames":{}}}
,"E:\\novacreactjsjuly2026\\ecommerce-app\\src\\services\\api.js": {"path":"E:\\novacreactjsjuly2026\\ecommerce-app\\src\\services\\api.js","statementMap":{"0":{"start":{"line":1,"column":16},"end":{"line":1,"column":null}},"1":{"start":{"line":4,"column":19},"end":{"line":9,"column":null}},"2":{"start":{"line":11,"column":4},"end":{"line":15,"column":null}},"3":{"start":{"line":12,"column":26},"end":{"line":13,"column":null}},"4":{"start":{"line":13,"column":22},"end":{"line":13,"column":26}},"5":{"start":{"line":13,"column":41},"end":{"line":13,"column":44}},"6":{"start":{"line":14,"column":8},"end":{"line":14,"column":null}},"7":{"start":{"line":16,"column":4},"end":{"line":16,"column":null}}},"fnMap":{"0":{"name":"fetchData","decl":{"start":{"line":3,"column":22},"end":{"line":3,"column":32}},"loc":{"start":{"line":3,"column":56},"end":{"line":17,"column":null}},"line":3},"1":{"name":"(anonymous_1)","decl":{"start":{"line":13,"column":9},"end":{"line":13,"column":14}},"loc":{"start":{"line":13,"column":22},"end":{"line":13,"column":26}},"line":13},"2":{"name":"(anonymous_2)","decl":{"start":{"line":13,"column":28},"end":{"line":13,"column":41}},"loc":{"start":{"line":13,"column":41},"end":{"line":13,"column":44}},"line":13}},"branchMap":{"0":{"loc":{"start":{"line":3,"column":42},"end":{"line":3,"column":56}},"type":"default-arg","locations":[{"start":{"line":3,"column":52},"end":{"line":3,"column":56}}],"line":3},"1":{"loc":{"start":{"line":11,"column":4},"end":{"line":15,"column":null}},"type":"if","locations":[{"start":{"line":11,"column":4},"end":{"line":15,"column":null}},{"start":{},"end":{}}],"line":11},"2":{"loc":{"start":{"line":14,"column":24},"end":{"line":14,"column":85}},"type":"binary-expr","locations":[{"start":{"line":14,"column":24},"end":{"line":14,"column":45}},{"start":{"line":14,"column":45},"end":{"line":14,"column":85}}],"line":14}},"s":{"0":0,"1":0,"2":0,"3":0,"4":0,"5":0,"6":0,"7":0},"f":{"0":0,"1":0,"2":0},"b":{"0":[0],"1":[0,0],"2":[0,0]},"meta":{"lastBranch":3,"lastFunction":3,"lastStatement":8,"seen":{"s:1:16:1:Infinity":0,"f:3:22:3:32":0,"b:3:52:3:56":0,"s:4:19:9:Infinity":1,"b:11:4:15:Infinity:undefined:undefined:undefined:undefined":1,"s:11:4:15:Infinity":2,"s:12:26:13:Infinity":3,"f:13:9:13:14":1,"s:13:22:13:26":4,"f:13:28:13:41":2,"s:13:41:13:44":5,"s:14:8:14:Infinity":6,"b:14:24:14:45:14:45:14:85":2,"s:16:4:16:Infinity":7},"fnNames":{}}}
,"E:\\novacreactjsjuly2026\\ecommerce-app\\src\\services\\authservices.js": {"path":"E:\\novacreactjsjuly2026\\ecommerce-app\\src\\services\\authservices.js","statementMap":{"0":{"start":{"line":2,"column":22},"end":{"line":7,"column":null}},"1":{"start":{"line":3,"column":3},"end":{"line":6,"column":null}},"2":{"start":{"line":9,"column":19},"end":{"line":14,"column":null}},"3":{"start":{"line":10,"column":3},"end":{"line":13,"column":null}}},"fnMap":{"0":{"name":"(anonymous_0)","decl":{"start":{"line":2,"column":22},"end":{"line":2,"column":29}},"loc":{"start":{"line":2,"column":42},"end":{"line":7,"column":null}},"line":2},"1":{"name":"(anonymous_1)","decl":{"start":{"line":9,"column":19},"end":{"line":9,"column":26}},"loc":{"start":{"line":9,"column":39},"end":{"line":14,"column":null}},"line":9}},"branchMap":{},"s":{"0":0,"1":0,"2":0,"3":0},"f":{"0":0,"1":0},"b":{},"meta":{"lastBranch":0,"lastFunction":2,"lastStatement":4,"seen":{"s:2:22:7:Infinity":0,"f:2:22:2:29":0,"s:3:3:6:Infinity":1,"s:9:19:14:Infinity":2,"f:9:19:9:26":1,"s:10:3:13:Infinity":3},"fnNames":{}}}
,"E:\\novacreactjsjuly2026\\ecommerce-app\\src\\services\\productservices.js": {"path":"E:\\novacreactjsjuly2026\\ecommerce-app\\src\\services\\productservices.js","statementMap":{"0":{"start":{"line":2,"column":24},"end":{"line":7,"column":null}},"1":{"start":{"line":3,"column":3},"end":{"line":6,"column":null}},"2":{"start":{"line":9,"column":25},"end":{"line":13,"column":null}},"3":{"start":{"line":10,"column":3},"end":{"line":12,"column":null}},"4":{"start":{"line":15,"column":27},"end":{"line":20,"column":null}},"5":{"start":{"line":16,"column":3},"end":{"line":19,"column":null}},"6":{"start":{"line":22,"column":27},"end":{"line":26,"column":null}},"7":{"start":{"line":23,"column":3},"end":{"line":25,"column":null}}},"fnMap":{"0":{"name":"(anonymous_0)","decl":{"start":{"line":2,"column":24},"end":{"line":2,"column":31}},"loc":{"start":{"line":2,"column":47},"end":{"line":7,"column":null}},"line":2},"1":{"name":"(anonymous_1)","decl":{"start":{"line":9,"column":25},"end":{"line":9,"column":37}},"loc":{"start":{"line":9,"column":37},"end":{"line":13,"column":null}},"line":9},"2":{"name":"(anonymous_2)","decl":{"start":{"line":15,"column":27},"end":{"line":15,"column":34}},"loc":{"start":{"line":15,"column":50},"end":{"line":20,"column":null}},"line":15},"3":{"name":"(anonymous_3)","decl":{"start":{"line":22,"column":27},"end":{"line":22,"column":34}},"loc":{"start":{"line":22,"column":48},"end":{"line":26,"column":null}},"line":22}},"branchMap":{},"s":{"0":0,"1":0,"2":0,"3":0,"4":0,"5":0,"6":0,"7":0},"f":{"0":0,"1":0,"2":0,"3":0},"b":{},"meta":{"lastBranch":0,"lastFunction":4,"lastStatement":8,"seen":{"s:2:24:7:Infinity":0,"f:2:24:2:31":0,"s:3:3:6:Infinity":1,"s:9:25:13:Infinity":2,"f:9:25:9:37":1,"s:10:3:12:Infinity":3,"s:15:27:20:Infinity":4,"f:15:27:15:34":2,"s:16:3:19:Infinity":5,"s:22:27:26:Infinity":6,"f:22:27:22:34":3,"s:23:3:25:Infinity":7},"fnNames":{}}}
}
