{"E:\\novacreactjsjuly2026\\kyc-app\\src\\assets\\kyclogo.png": {"path":"E:\\novacreactjsjuly2026\\kyc-app\\src\\assets\\kyclogo.png","statementMap":{},"fnMap":{},"branchMap":{},"s":{},"f":{},"b":{},"meta":{"lastBranch":0,"lastFunction":0,"lastStatement":0,"seen":{},"fnNames":{}}}
,"E:\\novacreactjsjuly2026\\kyc-app\\src\\components\\atoms\\Button\\Button.jsx": {"path":"E:\\novacreactjsjuly2026\\kyc-app\\src\\components\\atoms\\Button\\Button.jsx","statementMap":{"0":{"start":{"line":3,"column":2},"end":{"line":6,"column":null}}},"fnMap":{"0":{"name":"PrimeButton","decl":{"start":{"line":2,"column":9},"end":{"line":2,"column":21}},"loc":{"start":{"line":2,"column":107},"end":{"line":8,"column":null}},"line":2}},"branchMap":{"0":{"loc":{"start":{"line":2,"column":42},"end":{"line":2,"column":59}},"type":"default-arg","locations":[{"start":{"line":2,"column":49},"end":{"line":2,"column":59}}],"line":2},"1":{"loc":{"start":{"line":2,"column":59},"end":{"line":2,"column":78}},"type":"default-arg","locations":[{"start":{"line":2,"column":70},"end":{"line":2,"column":78}}],"line":2},"2":{"loc":{"start":{"line":2,"column":78},"end":{"line":2,"column":94}},"type":"default-arg","locations":[{"start":{"line":2,"column":90},"end":{"line":2,"column":94}}],"line":2},"3":{"loc":{"start":{"line":2,"column":94},"end":{"line":2,"column":107}},"type":"default-arg","locations":[{"start":{"line":2,"column":102},"end":{"line":2,"column":107}}],"line":2}},"s":{"0":5},"f":{"0":5},"b":{"0":[5],"1":[5],"2":[5],"3":[5]},"meta":{"lastBranch":4,"lastFunction":1,"lastStatement":1,"seen":{"f:2:9:2:21":0,"b:2:49:2:59":0,"b:2:70:2:78":1,"b:2:90:2:94":2,"b:2:102:2:107":3,"s:3:2:6:Infinity":0},"fnNames":{}}}
,"E:\\novacreactjsjuly2026\\kyc-app\\src\\components\\atoms\\Input\\Input.jsx": {"path":"E:\\novacreactjsjuly2026\\kyc-app\\src\\components\\atoms\\Input\\Input.jsx","statementMap":{"0":{"start":{"line":2,"column":2},"end":{"line":14,"column":null}}},"fnMap":{"0":{"name":"Input","decl":{"start":{"line":1,"column":9},"end":{"line":1,"column":15}},"loc":{"start":{"line":1,"column":107},"end":{"line":16,"column":null}},"line":1}},"branchMap":{"0":{"loc":{"start":{"line":1,"column":91},"end":{"line":1,"column":107}},"type":"default-arg","locations":[{"start":{"line":1,"column":101},"end":{"line":1,"column":107}}],"line":1}},"s":{"0":6},"f":{"0":6},"b":{"0":[6]},"meta":{"lastBranch":1,"lastFunction":1,"lastStatement":1,"seen":{"f:1:9:1:15":0,"b:1:101:1:107":0,"s:2:2:14:Infinity":0},"fnNames":{}}}
,"E:\\novacreactjsjuly2026\\kyc-app\\src\\components\\atoms\\Logo\\Logo.jsx": {"path":"E:\\novacreactjsjuly2026\\kyc-app\\src\\components\\atoms\\Logo\\Logo.jsx","statementMap":{"0":{"start":{"line":3,"column":6},"end":{"line":6,"column":null}},"1":{"start":{"line":4,"column":2},"end":{"line":6,"column":null}}},"fnMap":{"0":{"name":"(anonymous_0)","decl":{"start":{"line":3,"column":6},"end":{"line":3,"column":null}},"loc":{"start":{"line":4,"column":2},"end":{"line":6,"column":null}},"line":4}},"branchMap":{},"s":{"0":1,"1":3},"f":{"0":3},"b":{},"meta":{"lastBranch":0,"lastFunction":1,"lastStatement":2,"seen":{"s:3:6:6:Infinity":0,"f:3:6:3:Infinity":0,"s:4:2:6:Infinity":1},"fnNames":{}}}
}
